<?xml version="1.0" encoding="UTF-8"?>
<coverage generated="1585984687869" clover="3.2.0">
  <project timestamp="1585984687869" name="All files">
    <metrics statements="751" coveredstatements="463" conditionals="314" coveredconditionals="131" methods="195" coveredmethods="111" elements="1260" coveredelements="705" complexity="0" loc="751" ncloc="751" packages="1" files="11" classes="11"/>
    <file name="Card.ts" path="C:\Users\frank\Desktop\21Simulation\app\src\model\Card.ts">
      <metrics statements="10" coveredstatements="9" conditionals="2" coveredconditionals="2" methods="5" coveredmethods="4"/>
      <line num="1" count="6" type="stmt"/>
      <line num="17" count="6" type="stmt"/>
      <line num="33" count="6" type="stmt"/>
      <line num="47" count="14489" type="stmt"/>
      <line num="48" count="14489" type="stmt"/>
      <line num="49" count="14489" type="cond" truecount="2" falsecount="0"/>
      <line num="53" count="0" type="stmt"/>
      <line num="61" count="56" type="stmt"/>
      <line num="65" count="12930" type="stmt"/>
      <line num="69" count="12930" type="stmt"/>
    </file>
    <file name="CardCollection.ts" path="C:\Users\frank\Desktop\21Simulation\app\src\model\CardCollection.ts">
      <metrics statements="145" coveredstatements="77" conditionals="85" coveredconditionals="32" methods="33" coveredmethods="15"/>
      <line num="11" count="5" type="stmt"/>
      <line num="45" count="154" type="stmt"/>
      <line num="46" count="154" type="stmt"/>
      <line num="48" count="154" type="stmt"/>
      <line num="52" count="154" type="cond" truecount="1" falsecount="1"/>
      <line num="53" count="154" type="stmt"/>
      <line num="57" count="70" type="stmt"/>
      <line num="61" count="0" type="stmt"/>
      <line num="62" count="0" type="cond" truecount="0" falsecount="2"/>
      <line num="63" count="0" type="stmt"/>
      <line num="65" count="0" type="stmt"/>
      <line num="69" count="0" type="stmt"/>
      <line num="73" count="0" type="stmt"/>
      <line num="77" count="1" type="stmt"/>
      <line num="82" count="1" type="stmt"/>
      <line num="86" count="1" type="stmt"/>
      <line num="87" count="1" type="cond" truecount="1" falsecount="1"/>
      <line num="88" count="0" type="stmt"/>
      <line num="91" count="1" type="stmt"/>
      <line num="95" count="0" type="cond" truecount="0" falsecount="2"/>
      <line num="96" count="0" type="cond" truecount="0" falsecount="2"/>
      <line num="97" count="0" type="stmt"/>
      <line num="98" count="0" type="cond" truecount="0" falsecount="2"/>
      <line num="99" count="0" type="stmt"/>
      <line num="100" count="0" type="stmt"/>
      <line num="101" count="0" type="cond" truecount="0" falsecount="2"/>
      <line num="102" count="0" type="stmt"/>
      <line num="103" count="0" type="stmt"/>
      <line num="105" count="0" type="stmt"/>
      <line num="106" count="0" type="stmt"/>
      <line num="108" count="0" type="stmt"/>
      <line num="112" count="0" type="cond" truecount="0" falsecount="2"/>
      <line num="113" count="0" type="stmt"/>
      <line num="114" count="0" type="stmt"/>
      <line num="118" count="0" type="cond" truecount="0" falsecount="2"/>
      <line num="119" count="0" type="stmt"/>
      <line num="123" count="0" type="cond" truecount="0" falsecount="2"/>
      <line num="124" count="0" type="stmt"/>
      <line num="125" count="0" type="cond" truecount="0" falsecount="2"/>
      <line num="126" count="0" type="cond" truecount="0" falsecount="2"/>
      <line num="128" count="0" type="stmt"/>
      <line num="129" count="0" type="stmt"/>
      <line num="130" count="0" type="stmt"/>
      <line num="131" count="0" type="stmt"/>
      <line num="133" count="0" type="stmt"/>
      <line num="136" count="0" type="cond" truecount="0" falsecount="2"/>
      <line num="137" count="0" type="stmt"/>
      <line num="139" count="0" type="stmt"/>
      <line num="140" count="0" type="stmt"/>
      <line num="145" count="0" type="stmt"/>
      <line num="146" count="0" type="stmt"/>
      <line num="147" count="0" type="stmt"/>
      <line num="152" count="0" type="cond" truecount="0" falsecount="2"/>
      <line num="153" count="0" type="cond" truecount="0" falsecount="2"/>
      <line num="154" count="0" type="stmt"/>
      <line num="155" count="0" type="stmt"/>
      <line num="156" count="0" type="stmt"/>
      <line num="159" count="0" type="stmt"/>
      <line num="160" count="0" type="stmt"/>
      <line num="164" count="0" type="cond" truecount="0" falsecount="2"/>
      <line num="165" count="0" type="cond" truecount="0" falsecount="2"/>
      <line num="167" count="0" type="stmt"/>
      <line num="168" count="0" type="stmt"/>
      <line num="169" count="0" type="stmt"/>
      <line num="170" count="0" type="cond" truecount="0" falsecount="2"/>
      <line num="172" count="0" type="stmt"/>
      <line num="173" count="0" type="stmt"/>
      <line num="175" count="0" type="stmt"/>
      <line num="178" count="0" type="cond" truecount="0" falsecount="2"/>
      <line num="179" count="0" type="stmt"/>
      <line num="180" count="0" type="stmt"/>
      <line num="181" count="0" type="stmt"/>
      <line num="183" count="0" type="stmt"/>
      <line num="184" count="0" type="stmt"/>
      <line num="202" count="13914" type="stmt"/>
      <line num="203" count="13914" type="stmt"/>
      <line num="204" count="13914" type="cond" truecount="2" falsecount="0"/>
      <line num="205" count="3477" type="stmt"/>
      <line num="206" count="10437" type="cond" truecount="2" falsecount="0"/>
      <line num="207" count="3480" type="stmt"/>
      <line num="208" count="6957" type="cond" truecount="2" falsecount="0"/>
      <line num="209" count="3484" type="stmt"/>
      <line num="210" count="3473" type="cond" truecount="1" falsecount="1"/>
      <line num="211" count="3473" type="stmt"/>
      <line num="214" count="13914" type="stmt"/>
      <line num="215" count="13914" type="stmt"/>
      <line num="219" count="45" type="cond" truecount="1" falsecount="1"/>
      <line num="220" count="45" type="stmt"/>
      <line num="222" count="45" type="stmt"/>
      <line num="223" count="12792" type="stmt"/>
      <line num="225" count="45" type="stmt"/>
      <line num="229" count="34" type="stmt"/>
      <line num="231" count="34" type="cond" truecount="1" falsecount="1"/>
      <line num="232" count="34" type="cond" truecount="1" falsecount="1"/>
      <line num="233" count="34" type="cond" truecount="1" falsecount="1"/>
      <line num="236" count="34" type="cond" truecount="1" falsecount="1"/>
      <line num="238" count="34" type="cond" truecount="2" falsecount="0"/>
      <line num="241" count="16" type="stmt"/>
      <line num="242" count="16" type="stmt"/>
      <line num="244" count="16" type="stmt"/>
      <line num="245" count="16" type="stmt"/>
      <line num="246" count="724" type="stmt"/>
      <line num="247" count="724" type="stmt"/>
      <line num="248" count="126" type="stmt"/>
      <line num="250" count="724" type="stmt"/>
      <line num="251" count="724" type="stmt"/>
      <line num="253" count="3644" type="stmt"/>
      <line num="257" count="18" type="stmt"/>
      <line num="258" count="18" type="stmt"/>
      <line num="259" count="1122" type="stmt"/>
      <line num="260" count="1122" type="stmt"/>
      <line num="261" count="276" type="stmt"/>
      <line num="263" count="1122" type="stmt"/>
      <line num="265" count="1122" type="stmt"/>
      <line num="270" count="0" type="stmt"/>
      <line num="271" count="0" type="stmt"/>
      <line num="275" count="34" type="stmt"/>
      <line num="284" count="26" type="stmt"/>
      <line num="285" count="1" type="cond" truecount="2" falsecount="2"/>
      <line num="286" count="1" type="stmt"/>
      <line num="287" count="2" type="stmt"/>
      <line num="288" count="156" type="stmt"/>
      <line num="289" count="156" type="stmt"/>
      <line num="290" count="156" type="stmt"/>
      <line num="291" count="8" type="stmt"/>
      <line num="293" count="156" type="stmt"/>
      <line num="294" count="156" type="stmt"/>
      <line num="295" count="156" type="stmt"/>
      <line num="299" count="1" type="stmt"/>
      <line num="300" count="1" type="stmt"/>
      <line num="305" count="0" type="stmt"/>
      <line num="306" count="0" type="stmt"/>
      <line num="319" count="0" type="stmt"/>
      <line num="320" count="0" type="stmt"/>
      <line num="327" count="63" type="stmt"/>
      <line num="328" count="63" type="cond" truecount="2" falsecount="0"/>
      <line num="329" count="57" type="cond" truecount="2" falsecount="0"/>
      <line num="332" count="6" type="stmt"/>
      <line num="337" count="42" type="stmt"/>
      <line num="347" count="47" type="stmt"/>
      <line num="348" count="47" type="cond" truecount="1" falsecount="1"/>
      <line num="349" count="47" type="cond" truecount="2" falsecount="0"/>
      <line num="350" count="24" type="cond" truecount="2" falsecount="0"/>
      <line num="353" count="23" type="stmt"/>
      <line num="358" count="2" type="stmt"/>
    </file>
    <file name="CountingSystem.ts" path="C:\Users\frank\Desktop\21Simulation\app\src\model\CountingSystem.ts">
      <metrics statements="82" coveredstatements="74" conditionals="24" coveredconditionals="18" methods="27" coveredmethods="22"/>
      <line num="23" count="37" type="stmt"/>
      <line num="24" count="37" type="stmt"/>
      <line num="25" count="37" type="stmt"/>
      <line num="26" count="37" type="stmt"/>
      <line num="27" count="37" type="stmt"/>
      <line num="29" count="37" type="stmt"/>
      <line num="30" count="91" type="stmt"/>
      <line num="33" count="37" type="stmt"/>
      <line num="34" count="0" type="stmt"/>
      <line num="37" count="37" type="stmt"/>
      <line num="38" count="0" type="stmt"/>
      <line num="41" count="37" type="stmt"/>
      <line num="42" count="9" type="stmt"/>
      <line num="45" count="37" type="stmt"/>
      <line num="46" count="297" type="stmt"/>
      <line num="47" count="297" type="stmt"/>
      <line num="48" count="834" type="cond" truecount="2" falsecount="0"/>
      <line num="49" count="297" type="stmt"/>
      <line num="50" count="297" type="stmt"/>
      <line num="54" count="297" type="cond" truecount="1" falsecount="1"/>
      <line num="55" count="0" type="stmt"/>
      <line num="56" count="0" type="stmt"/>
      <line num="58" count="297" type="stmt"/>
      <line num="61" count="37" type="stmt"/>
      <line num="62" count="9" type="stmt"/>
      <line num="63" count="9" type="cond" truecount="1" falsecount="1"/>
      <line num="64" count="9" type="stmt"/>
      <line num="65" count="9" type="stmt"/>
      <line num="68" count="9" type="stmt"/>
      <line num="69" count="297" type="stmt"/>
      <line num="72" count="9" type="stmt"/>
      <line num="87" count="162" type="stmt"/>
      <line num="88" count="162" type="stmt"/>
      <line num="92" count="2487" type="stmt"/>
      <line num="99" count="16" type="stmt"/>
      <line num="100" count="16" type="stmt"/>
      <line num="101" count="16" type="stmt"/>
      <line num="102" count="16" type="stmt"/>
      <line num="129" count="9" type="stmt"/>
      <line num="130" count="9" type="stmt"/>
      <line num="131" count="9" type="stmt"/>
      <line num="132" count="9" type="stmt"/>
      <line num="165" count="12" type="stmt"/>
      <line num="166" count="12" type="stmt"/>
      <line num="167" count="12" type="stmt"/>
      <line num="168" count="12" type="stmt"/>
      <line num="197" count="1" type="stmt"/>
      <line num="198" count="1" type="stmt"/>
      <line num="201" count="1" type="cond" truecount="1" falsecount="1"/>
      <line num="205" count="1" type="stmt"/>
      <line num="209" count="10" type="cond" truecount="2" falsecount="0"/>
      <line num="210" count="21" type="stmt"/>
      <line num="211" count="19" type="stmt"/>
      <line num="213" count="10" type="cond" truecount="2" falsecount="0"/>
      <line num="214" count="8" type="stmt"/>
      <line num="215" count="8" type="stmt"/>
      <line num="217" count="10" type="stmt"/>
      <line num="221" count="3" type="cond" truecount="2" falsecount="0"/>
      <line num="222" count="1" type="cond" truecount="1" falsecount="1"/>
      <line num="223" count="1" type="stmt"/>
      <line num="226" count="0" type="stmt"/>
      <line num="230" count="2" type="cond" truecount="2" falsecount="0"/>
      <line num="231" count="2" type="stmt"/>
      <line num="232" count="2" type="stmt"/>
      <line num="233" count="6" type="stmt"/>
      <line num="234" count="6" type="stmt"/>
      <line num="235" count="9" type="cond" truecount="2" falsecount="0"/>
      <line num="236" count="3" type="stmt"/>
      <line num="239" count="6" type="cond" truecount="2" falsecount="0"/>
      <line num="240" count="3" type="stmt"/>
      <line num="244" count="2" type="stmt"/>
      <line num="247" count="3" type="stmt"/>
      <line num="248" count="3" type="stmt"/>
      <line num="252" count="8" type="stmt"/>
      <line num="253" count="8" type="stmt"/>
      <line num="254" count="8" type="stmt"/>
      <line num="259" count="23" type="stmt"/>
      <line num="263" count="7" type="stmt"/>
      <line num="267" count="0" type="stmt"/>
      <line num="271" count="0" type="stmt"/>
      <line num="272" count="0" type="stmt"/>
      <line num="282" count="1" type="stmt"/>
    </file>
    <file name="GameConfig.ts" path="C:\Users\frank\Desktop\21Simulation\app\src\model\GameConfig.ts">
      <metrics statements="1" coveredstatements="1" conditionals="0" coveredconditionals="0" methods="0" coveredmethods="0"/>
      <line num="1" count="3" type="stmt"/>
    </file>
    <file name="GameController.ts" path="C:\Users\frank\Desktop\21Simulation\app\src\model\GameController.ts">
      <metrics statements="209" coveredstatements="99" conditionals="76" coveredconditionals="22" methods="55" coveredmethods="26"/>
      <line num="63" count="44" type="stmt"/>
      <line num="64" count="44" type="stmt"/>
      <line num="65" count="44" type="stmt"/>
      <line num="66" count="44" type="stmt"/>
      <line num="72" count="44" type="stmt"/>
      <line num="73" count="44" type="stmt"/>
      <line num="74" count="44" type="stmt"/>
      <line num="77" count="44" type="stmt"/>
      <line num="78" count="44" type="stmt"/>
      <line num="79" count="44" type="stmt"/>
      <line num="80" count="44" type="stmt"/>
      <line num="81" count="44" type="stmt"/>
      <line num="82" count="44" type="stmt"/>
      <line num="84" count="44" type="stmt"/>
      <line num="85" count="242" type="stmt"/>
      <line num="90" count="242" type="stmt"/>
      <line num="93" count="44" type="stmt"/>
      <line num="99" count="44" type="stmt"/>
      <line num="103" count="44" type="stmt"/>
      <line num="105" count="44" type="stmt"/>
      <line num="107" count="0" type="cond" truecount="0" falsecount="2"/>
      <line num="108" count="0" type="stmt"/>
      <line num="109" count="0" type="stmt"/>
      <line num="112" count="0" type="stmt"/>
      <line num="115" count="0" type="stmt"/>
      <line num="116" count="0" type="stmt"/>
      <line num="117" count="0" type="stmt"/>
      <line num="120" count="44" type="stmt"/>
      <line num="121" count="0" type="stmt"/>
      <line num="125" count="0" type="stmt"/>
      <line num="128" count="44" type="stmt"/>
      <line num="129" count="0" type="stmt"/>
      <line num="130" count="0" type="stmt"/>
      <line num="131" count="0" type="stmt"/>
      <line num="134" count="44" type="stmt"/>
      <line num="135" count="0" type="stmt"/>
      <line num="136" count="0" type="stmt"/>
      <line num="139" count="44" type="cond" truecount="0" falsecount="1"/>
      <line num="140" count="0" type="stmt"/>
      <line num="141" count="0" type="stmt"/>
      <line num="142" count="0" type="stmt"/>
      <line num="143" count="0" type="stmt"/>
      <line num="144" count="0" type="cond" truecount="0" falsecount="2"/>
      <line num="145" count="0" type="stmt"/>
      <line num="148" count="0" type="stmt"/>
      <line num="149" count="0" type="stmt"/>
      <line num="150" count="0" type="stmt"/>
      <line num="154" count="0" type="stmt"/>
      <line num="155" count="0" type="stmt"/>
      <line num="156" count="0" type="stmt"/>
      <line num="159" count="44" type="stmt"/>
      <line num="160" count="0" type="cond" truecount="0" falsecount="2"/>
      <line num="161" count="0" type="stmt"/>
      <line num="162" count="0" type="stmt"/>
      <line num="166" count="0" type="stmt"/>
      <line num="167" count="0" type="cond" truecount="0" falsecount="2"/>
      <line num="169" count="0" type="stmt"/>
      <line num="172" count="0" type="stmt"/>
      <line num="176" count="44" type="stmt"/>
      <line num="178" count="0" type="stmt"/>
      <line num="179" count="0" type="cond" truecount="0" falsecount="2"/>
      <line num="180" count="0" type="stmt"/>
      <line num="183" count="0" type="stmt"/>
      <line num="185" count="0" type="stmt"/>
      <line num="187" count="0" type="stmt"/>
      <line num="188" count="0" type="stmt"/>
      <line num="193" count="44" type="stmt"/>
      <line num="194" count="0" type="stmt"/>
      <line num="195" count="0" type="stmt"/>
      <line num="196" count="0" type="stmt"/>
      <line num="197" count="0" type="stmt"/>
      <line num="198" count="0" type="cond" truecount="0" falsecount="2"/>
      <line num="199" count="0" type="stmt"/>
      <line num="203" count="0" type="cond" truecount="0" falsecount="2"/>
      <line num="204" count="0" type="stmt"/>
      <line num="208" count="0" type="stmt"/>
      <line num="212" count="44" type="stmt"/>
      <line num="213" count="0" type="cond" truecount="0" falsecount="2"/>
      <line num="214" count="0" type="stmt"/>
      <line num="217" count="0" type="stmt"/>
      <line num="218" count="0" type="cond" truecount="0" falsecount="2"/>
      <line num="219" count="0" type="stmt"/>
      <line num="224" count="44" type="stmt"/>
      <line num="225" count="130" type="stmt"/>
      <line num="228" count="44" type="stmt"/>
      <line num="229" count="43" type="cond" truecount="1" falsecount="1"/>
      <line num="230" count="0" type="stmt"/>
      <line num="231" count="0" type="stmt"/>
      <line num="234" count="43" type="stmt"/>
      <line num="236" count="43" type="stmt"/>
      <line num="239" count="44" type="stmt"/>
      <line num="240" count="44" type="stmt"/>
      <line num="244" count="44" type="stmt"/>
      <line num="245" count="0" type="cond" truecount="0" falsecount="2"/>
      <line num="248" count="44" type="stmt"/>
      <line num="249" count="261" type="stmt"/>
      <line num="253" count="44" type="stmt"/>
      <line num="254" count="41" type="stmt"/>
      <line num="255" count="41" type="cond" truecount="1" falsecount="1"/>
      <line num="256" count="41" type="stmt"/>
      <line num="259" count="0" type="stmt"/>
      <line num="263" count="44" type="stmt"/>
      <line num="264" count="0" type="stmt"/>
      <line num="265" count="0" type="stmt"/>
      <line num="266" count="0" type="cond" truecount="0" falsecount="2"/>
      <line num="267" count="0" type="stmt"/>
      <line num="268" count="0" type="stmt"/>
      <line num="271" count="0" type="cond" truecount="0" falsecount="2"/>
      <line num="272" count="0" type="stmt"/>
      <line num="275" count="0" type="stmt"/>
      <line num="279" count="72" type="stmt"/>
      <line num="283" count="5" type="stmt"/>
      <line num="287" count="68" type="stmt"/>
      <line num="288" count="75" type="stmt"/>
      <line num="289" count="68" type="stmt"/>
      <line num="293" count="0" type="cond" truecount="0" falsecount="2"/>
      <line num="294" count="0" type="stmt"/>
      <line num="295" count="0" type="stmt"/>
      <line num="298" count="0" type="stmt"/>
      <line num="303" count="0" type="stmt"/>
      <line num="306" count="44" type="stmt"/>
      <line num="308" count="43" type="stmt"/>
      <line num="309" count="43" type="stmt"/>
      <line num="312" count="44" type="stmt"/>
      <line num="316" count="44" type="stmt"/>
      <line num="317" count="0" type="stmt"/>
      <line num="320" count="44" type="stmt"/>
      <line num="321" count="0" type="stmt"/>
      <line num="324" count="44" type="stmt"/>
      <line num="325" count="105" type="stmt"/>
      <line num="328" count="44" type="stmt"/>
      <line num="329" count="66" type="stmt"/>
      <line num="332" count="44" type="stmt"/>
      <line num="333" count="1" type="stmt"/>
      <line num="362" count="44" type="stmt"/>
      <line num="366" count="12" type="stmt"/>
      <line num="370" count="0" type="stmt"/>
      <line num="371" count="0" type="cond" truecount="0" falsecount="2"/>
      <line num="372" count="0" type="stmt"/>
      <line num="374" count="0" type="stmt"/>
      <line num="390" count="0" type="stmt"/>
      <line num="391" count="0" type="cond" truecount="0" falsecount="2"/>
      <line num="392" count="0" type="stmt"/>
      <line num="398" count="0" type="stmt"/>
      <line num="402" count="47" type="cond" truecount="1" falsecount="1"/>
      <line num="403" count="0" type="stmt"/>
      <line num="406" count="47" type="stmt"/>
      <line num="407" count="47" type="cond" truecount="2" falsecount="0"/>
      <line num="409" count="44" type="cond" truecount="2" falsecount="0"/>
      <line num="410" count="44" type="cond" truecount="1" falsecount="1"/>
      <line num="411" count="44" type="cond" truecount="2" falsecount="0"/>
      <line num="412" count="43" type="stmt"/>
      <line num="413" count="43" type="stmt"/>
      <line num="414" count="43" type="stmt"/>
      <line num="417" count="1" type="stmt"/>
      <line num="418" count="1" type="stmt"/>
      <line num="422" count="0" type="stmt"/>
      <line num="423" count="0" type="stmt"/>
      <line num="427" count="3" type="stmt"/>
      <line num="431" count="0" type="stmt"/>
      <line num="434" count="44" type="stmt"/>
      <line num="435" count="9" type="stmt"/>
      <line num="438" count="44" type="stmt"/>
      <line num="439" count="68" type="cond" truecount="2" falsecount="0"/>
      <line num="442" count="44" type="stmt"/>
      <line num="443" count="9" type="stmt"/>
      <line num="446" count="44" type="stmt"/>
      <line num="448" count="44" type="stmt"/>
      <line num="449" count="7" type="stmt"/>
      <line num="450" count="1" type="cond" truecount="1" falsecount="1"/>
      <line num="451" count="1" type="stmt"/>
      <line num="454" count="0" type="stmt"/>
      <line num="458" count="44" type="stmt"/>
      <line num="459" count="0" type="stmt"/>
      <line num="460" count="0" type="stmt"/>
      <line num="461" count="0" type="stmt"/>
      <line num="462" count="0" type="cond" truecount="0" falsecount="5"/>
      <line num="463" count="0" type="stmt"/>
      <line num="466" count="0" type="cond" truecount="0" falsecount="2"/>
      <line num="467" count="0" type="stmt"/>
      <line num="471" count="0" type="cond" truecount="0" falsecount="2"/>
      <line num="472" count="0" type="stmt"/>
      <line num="475" count="0" type="cond" truecount="0" falsecount="2"/>
      <line num="477" count="0" type="stmt"/>
      <line num="485" count="0" type="cond" truecount="0" falsecount="2"/>
      <line num="486" count="0" type="cond" truecount="0" falsecount="2"/>
      <line num="487" count="0" type="stmt"/>
      <line num="490" count="0" type="stmt"/>
      <line num="494" count="0" type="stmt"/>
      <line num="498" count="44" type="stmt"/>
      <line num="499" count="0" type="stmt"/>
      <line num="502" count="44" type="stmt"/>
      <line num="503" count="16" type="stmt"/>
      <line num="504" count="16" type="cond" truecount="1" falsecount="1"/>
      <line num="505" count="0" type="stmt"/>
      <line num="507" count="16" type="cond" truecount="2" falsecount="0"/>
      <line num="508" count="8" type="stmt"/>
      <line num="511" count="8" type="stmt"/>
      <line num="512" count="8" type="cond" truecount="2" falsecount="0"/>
      <line num="516" count="44" type="stmt"/>
      <line num="517" count="0" type="stmt"/>
      <line num="518" count="0" type="cond" truecount="0" falsecount="2"/>
      <line num="519" count="0" type="stmt"/>
      <line num="522" count="0" type="stmt"/>
      <line num="523" count="0" type="stmt"/>
      <line num="527" count="44" type="stmt"/>
      <line num="528" count="0" type="stmt"/>
      <line num="531" count="44" type="stmt"/>
      <line num="532" count="66" type="stmt"/>
    </file>
    <file name="Hand.ts" path="C:\Users\frank\Desktop\21Simulation\app\src\model\Hand.ts">
      <metrics statements="88" coveredstatements="73" conditionals="31" coveredconditionals="25" methods="25" coveredmethods="19"/>
      <line num="38" count="167" type="stmt"/>
      <line num="39" count="167" type="stmt"/>
      <line num="40" count="167" type="stmt"/>
      <line num="41" count="167" type="stmt"/>
      <line num="42" count="167" type="stmt"/>
      <line num="45" count="167" type="stmt"/>
      <line num="46" count="167" type="stmt"/>
      <line num="47" count="167" type="stmt"/>
      <line num="48" count="167" type="stmt"/>
      <line num="49" count="167" type="stmt"/>
      <line num="50" count="167" type="stmt"/>
      <line num="51" count="167" type="stmt"/>
      <line num="56" count="167" type="stmt"/>
      <line num="58" count="167" type="cond" truecount="2" falsecount="0"/>
      <line num="60" count="167" type="cond" truecount="1" falsecount="1"/>
      <line num="61" count="0" type="stmt"/>
      <line num="62" count="0" type="stmt"/>
      <line num="65" count="167" type="stmt"/>
      <line num="66" count="167" type="stmt"/>
      <line num="69" count="167" type="cond" truecount="2" falsecount="0"/>
      <line num="70" count="14" type="stmt"/>
      <line num="71" count="14" type="stmt"/>
      <line num="72" count="14" type="stmt"/>
      <line num="75" count="153" type="stmt"/>
      <line num="76" count="153" type="stmt"/>
      <line num="81" count="9" type="cond" truecount="3" falsecount="1"/>
      <line num="82" count="9" type="stmt"/>
      <line num="83" count="9" type="stmt"/>
      <line num="85" count="0" type="stmt"/>
      <line num="88" count="9" type="stmt"/>
      <line num="92" count="0" type="stmt"/>
      <line num="93" count="0" type="stmt"/>
      <line num="94" count="0" type="stmt"/>
      <line num="95" count="0" type="stmt"/>
      <line num="97" count="0" type="stmt"/>
      <line num="101" count="13" type="stmt"/>
      <line num="102" count="13" type="stmt"/>
      <line num="103" count="13" type="cond" truecount="2" falsecount="0"/>
      <line num="104" count="13" type="stmt"/>
      <line num="106" count="13" type="stmt"/>
      <line num="107" count="13" type="stmt"/>
      <line num="109" count="13" type="cond" truecount="2" falsecount="0"/>
      <line num="110" count="13" type="stmt"/>
      <line num="115" count="167" type="stmt"/>
      <line num="116" count="0" type="stmt"/>
      <line num="119" count="167" type="stmt"/>
      <line num="120" count="0" type="stmt"/>
      <line num="123" count="167" type="stmt"/>
      <line num="124" count="131" type="stmt"/>
      <line num="127" count="167" type="stmt"/>
      <line num="128" count="16" type="stmt"/>
      <line num="131" count="167" type="stmt"/>
      <line num="133" count="69" type="cond" truecount="1" falsecount="1"/>
      <line num="134" count="69" type="stmt"/>
      <line num="138" count="22" type="cond" truecount="1" falsecount="1"/>
      <line num="139" count="0" type="stmt"/>
      <line num="140" count="0" type="stmt"/>
      <line num="141" count="0" type="stmt"/>
      <line num="144" count="22" type="stmt"/>
      <line num="145" count="22" type="stmt"/>
      <line num="146" count="56" type="stmt"/>
      <line num="147" count="56" type="cond" truecount="2" falsecount="0"/>
      <line num="148" count="11" type="stmt"/>
      <line num="150" count="56" type="stmt"/>
      <line num="153" count="22" type="stmt"/>
      <line num="154" count="56" type="stmt"/>
      <line num="157" count="22" type="cond" truecount="2" falsecount="0"/>
      <line num="158" count="9" type="stmt"/>
      <line num="159" count="19" type="stmt"/>
      <line num="161" count="9" type="stmt"/>
      <line num="162" count="9" type="stmt"/>
      <line num="163" count="26" type="stmt"/>
      <line num="166" count="9" type="stmt"/>
      <line num="169" count="13" type="stmt"/>
      <line num="172" count="23" type="stmt"/>
      <line num="176" count="10" type="stmt"/>
      <line num="179" count="167" type="stmt"/>
      <line num="180" count="6" type="stmt"/>
      <line num="184" count="3" type="cond" truecount="2" falsecount="0"/>
      <line num="185" count="1" type="cond" truecount="1" falsecount="1"/>
      <line num="188" count="4" type="stmt"/>
      <line num="189" count="2" type="cond" truecount="2" falsecount="0"/>
      <line num="190" count="1" type="stmt"/>
      <line num="191" count="1" type="cond" truecount="1" falsecount="1"/>
      <line num="194" count="1" type="stmt"/>
      <line num="200" count="13" type="stmt"/>
      <line num="204" count="0" type="stmt"/>
      <line num="209" count="0" type="stmt"/>
    </file>
    <file name="Notifier.ts" path="C:\Users\frank\Desktop\21Simulation\app\src\model\Notifier.ts">
      <metrics statements="5" coveredstatements="3" conditionals="0" coveredconditionals="0" methods="3" coveredmethods="2"/>
      <line num="4" count="0" type="stmt"/>
      <line num="5" count="0" type="stmt"/>
      <line num="11" count="9" type="stmt"/>
      <line num="17" count="41" type="stmt"/>
      <line num="22" count="6" type="stmt"/>
    </file>
    <file name="PlayRule.ts" path="C:\Users\frank\Desktop\21Simulation\app\src\model\PlayRule.ts">
      <metrics statements="1" coveredstatements="1" conditionals="0" coveredconditionals="0" methods="0" coveredmethods="0"/>
      <line num="1" count="3" type="stmt"/>
    </file>
    <file name="Player.ts" path="C:\Users\frank\Desktop\21Simulation\app\src\model\Player.ts">
      <metrics statements="184" coveredstatements="112" conditionals="79" coveredconditionals="29" methods="40" coveredmethods="18"/>
      <line num="69" count="91" type="stmt"/>
      <line num="70" count="91" type="stmt"/>
      <line num="76" count="91" type="stmt"/>
      <line num="77" count="91" type="cond" truecount="1" falsecount="1"/>
      <line num="78" count="0" type="stmt"/>
      <line num="79" count="0" type="stmt"/>
      <line num="82" count="91" type="stmt"/>
      <line num="83" count="91" type="stmt"/>
      <line num="85" count="91" type="stmt"/>
      <line num="87" count="91" type="cond" truecount="2" falsecount="0"/>
      <line num="88" count="8" type="stmt"/>
      <line num="91" count="91" type="cond" truecount="1" falsecount="1"/>
      <line num="92" count="0" type="stmt"/>
      <line num="93" count="0" type="stmt"/>
      <line num="97" count="91" type="stmt"/>
      <line num="99" count="0" type="stmt"/>
      <line num="102" count="91" type="stmt"/>
      <line num="103" count="0" type="stmt"/>
      <line num="104" count="0" type="stmt"/>
      <line num="107" count="91" type="stmt"/>
      <line num="108" count="41" type="cond" truecount="1" falsecount="1"/>
      <line num="109" count="0" type="stmt"/>
      <line num="110" count="0" type="stmt"/>
      <line num="113" count="41" type="cond" truecount="2" falsecount="0"/>
      <line num="114" count="37" type="stmt"/>
      <line num="115" count="37" type="stmt"/>
      <line num="116" count="37" type="stmt"/>
      <line num="119" count="4" type="stmt"/>
      <line num="120" count="4" type="stmt"/>
      <line num="124" count="91" type="stmt"/>
      <line num="125" count="23" type="stmt"/>
      <line num="128" count="91" type="stmt"/>
      <line num="129" count="120" type="stmt"/>
      <line num="130" count="120" type="stmt"/>
      <line num="133" count="91" type="stmt"/>
      <line num="134" count="47" type="stmt"/>
      <line num="135" count="47" type="stmt"/>
      <line num="138" count="91" type="stmt"/>
      <line num="139" count="19" type="cond" truecount="1" falsecount="1"/>
      <line num="140" count="19" type="cond" truecount="1" falsecount="1"/>
      <line num="143" count="0" type="stmt"/>
      <line num="150" count="91" type="stmt"/>
      <line num="151" count="0" type="cond" truecount="0" falsecount="2"/>
      <line num="152" count="0" type="stmt"/>
      <line num="155" count="0" type="stmt"/>
      <line num="160" count="91" type="stmt"/>
      <line num="161" count="43" type="stmt"/>
      <line num="162" count="43" type="stmt"/>
      <line num="165" count="91" type="stmt"/>
      <line num="166" count="0" type="cond" truecount="0" falsecount="2"/>
      <line num="167" count="0" type="cond" truecount="0" falsecount="2"/>
      <line num="168" count="0" type="stmt"/>
      <line num="169" count="0" type="stmt"/>
      <line num="170" count="0" type="stmt"/>
      <line num="173" count="0" type="stmt"/>
      <line num="174" count="0" type="stmt"/>
      <line num="178" count="0" type="stmt"/>
      <line num="179" count="0" type="stmt"/>
      <line num="183" count="91" type="stmt"/>
      <line num="184" count="0" type="stmt"/>
      <line num="187" count="91" type="stmt"/>
      <line num="188" count="0" type="cond" truecount="0" falsecount="4"/>
      <line num="189" count="0" type="stmt"/>
      <line num="191" count="0" type="stmt"/>
      <line num="194" count="91" type="stmt"/>
      <line num="195" count="0" type="cond" truecount="0" falsecount="4"/>
      <line num="196" count="0" type="stmt"/>
      <line num="198" count="0" type="stmt"/>
      <line num="201" count="91" type="stmt"/>
      <line num="202" count="0" type="cond" truecount="0" falsecount="4"/>
      <line num="203" count="0" type="stmt"/>
      <line num="205" count="0" type="stmt"/>
      <line num="208" count="91" type="stmt"/>
      <line num="210" count="0" type="cond" truecount="0" falsecount="4"/>
      <line num="211" count="0" type="stmt"/>
      <line num="213" count="0" type="stmt"/>
      <line num="217" count="91" type="stmt"/>
      <line num="218" count="0" type="stmt"/>
      <line num="252" count="91" type="stmt"/>
      <line num="253" count="0" type="cond" truecount="0" falsecount="2"/>
      <line num="254" count="0" type="stmt"/>
      <line num="255" count="0" type="cond" truecount="0" falsecount="2"/>
      <line num="256" count="0" type="stmt"/>
      <line num="259" count="0" type="stmt"/>
      <line num="262" count="91" type="stmt"/>
      <line num="263" count="0" type="cond" truecount="0" falsecount="2"/>
      <line num="264" count="0" type="stmt"/>
      <line num="265" count="0" type="cond" truecount="0" falsecount="2"/>
      <line num="266" count="0" type="stmt"/>
      <line num="267" count="0" type="stmt"/>
      <line num="268" count="0" type="stmt"/>
      <line num="271" count="0" type="stmt"/>
      <line num="274" count="91" type="stmt"/>
      <line num="275" count="0" type="cond" truecount="0" falsecount="2"/>
      <line num="276" count="0" type="stmt"/>
      <line num="279" count="0" type="stmt"/>
      <line num="282" count="91" type="stmt"/>
      <line num="283" count="0" type="stmt"/>
      <line num="286" count="91" type="stmt"/>
      <line num="287" count="0" type="stmt"/>
      <line num="290" count="91" type="stmt"/>
      <line num="291" count="0" type="cond" truecount="0" falsecount="2"/>
      <line num="292" count="0" type="stmt"/>
      <line num="295" count="0" type="stmt"/>
      <line num="299" count="91" type="stmt"/>
      <line num="300" count="0" type="cond" truecount="0" falsecount="2"/>
      <line num="301" count="0" type="stmt"/>
      <line num="304" count="91" type="stmt"/>
      <line num="305" count="0" type="cond" truecount="0" falsecount="2"/>
      <line num="306" count="0" type="stmt"/>
      <line num="309" count="91" type="stmt"/>
      <line num="310" count="3" type="stmt"/>
      <line num="313" count="91" type="stmt"/>
      <line num="315" count="9" type="cond" truecount="1" falsecount="1"/>
      <line num="316" count="0" type="stmt"/>
      <line num="317" count="0" type="stmt"/>
      <line num="322" count="9" type="stmt"/>
      <line num="323" count="9" type="cond" truecount="3" falsecount="1"/>
      <line num="324" count="0" type="stmt"/>
      <line num="325" count="0" type="stmt"/>
      <line num="328" count="9" type="stmt"/>
      <line num="329" count="9" type="stmt"/>
      <line num="331" count="9" type="cond" truecount="2" falsecount="0"/>
      <line num="335" count="1" type="stmt"/>
      <line num="336" count="1" type="stmt"/>
      <line num="339" count="8" type="cond" truecount="2" falsecount="0"/>
      <line num="342" count="1" type="stmt"/>
      <line num="343" count="1" type="stmt"/>
      <line num="347" count="7" type="stmt"/>
      <line num="348" count="7" type="stmt"/>
      <line num="349" count="7" type="stmt"/>
      <line num="350" count="7" type="stmt"/>
      <line num="353" count="91" type="stmt"/>
      <line num="354" count="3" type="stmt"/>
      <line num="357" count="91" type="stmt"/>
      <line num="358" count="68" type="cond" truecount="1" falsecount="1"/>
      <line num="359" count="0" type="stmt"/>
      <line num="360" count="0" type="stmt"/>
      <line num="363" count="68" type="stmt"/>
      <line num="364" count="68" type="stmt"/>
      <line num="365" count="68" type="stmt"/>
      <line num="368" count="68" type="cond" truecount="2" falsecount="0"/>
      <line num="369" count="16" type="cond" truecount="2" falsecount="0"/>
      <line num="371" count="13" type="stmt"/>
      <line num="372" count="13" type="cond" truecount="1" falsecount="1"/>
      <line num="373" count="13" type="stmt"/>
      <line num="374" count="13" type="stmt"/>
      <line num="377" count="0" type="stmt"/>
      <line num="381" count="3" type="stmt"/>
      <line num="385" count="52" type="cond" truecount="2" falsecount="0"/>
      <line num="386" count="8" type="cond" truecount="2" falsecount="0"/>
      <line num="387" count="5" type="stmt"/>
      <line num="388" count="5" type="stmt"/>
      <line num="389" count="5" type="stmt"/>
      <line num="392" count="3" type="stmt"/>
      <line num="397" count="44" type="stmt"/>
      <line num="398" count="44" type="stmt"/>
      <line num="399" count="44" type="stmt"/>
      <line num="402" count="68" type="stmt"/>
      <line num="406" count="91" type="stmt"/>
      <line num="407" count="0" type="stmt"/>
      <line num="411" count="91" type="stmt"/>
      <line num="412" count="0" type="stmt"/>
      <line num="415" count="91" type="stmt"/>
      <line num="416" count="223" type="stmt"/>
      <line num="419" count="91" type="stmt"/>
      <line num="420" count="88" type="stmt"/>
      <line num="423" count="91" type="stmt"/>
      <line num="424" count="12" type="cond" truecount="1" falsecount="1"/>
      <line num="425" count="12" type="stmt"/>
      <line num="428" count="0" type="stmt"/>
      <line num="432" count="91" type="stmt"/>
      <line num="433" count="32" type="stmt"/>
      <line num="436" count="91" type="stmt"/>
      <line num="437" count="0" type="stmt"/>
      <line num="440" count="91" type="stmt"/>
      <line num="441" count="0" type="stmt"/>
      <line num="444" count="91" type="stmt"/>
      <line num="445" count="72" type="stmt"/>
      <line num="446" count="72" type="stmt"/>
      <line num="447" count="106" type="stmt"/>
      <line num="449" count="72" type="stmt"/>
      <line num="452" count="91" type="stmt"/>
      <line num="453" count="1" type="cond" truecount="1" falsecount="1"/>
    </file>
    <file name="Statistics.ts" path="C:\Users\frank\Desktop\21Simulation\app\src\model\Statistics.ts">
      <metrics statements="14" coveredstatements="3" conditionals="13" coveredconditionals="0" methods="2" coveredmethods="0"/>
      <line num="39" count="47" type="stmt"/>
      <line num="62" count="47" type="stmt"/>
      <line num="64" count="0" type="stmt"/>
      <line num="65" count="0" type="cond" truecount="0" falsecount="5"/>
      <line num="66" count="0" type="stmt"/>
      <line num="68" count="0" type="cond" truecount="0" falsecount="2"/>
      <line num="69" count="0" type="stmt"/>
      <line num="71" count="0" type="cond" truecount="0" falsecount="4"/>
      <line num="72" count="0" type="stmt"/>
      <line num="74" count="0" type="cond" truecount="0" falsecount="2"/>
      <line num="75" count="0" type="stmt"/>
      <line num="78" count="0" type="stmt"/>
      <line num="80" count="0" type="stmt"/>
      <line num="83" count="47" type="stmt"/>
    </file>
    <file name="Utility.ts" path="C:\Users\frank\Desktop\21Simulation\app\src\model\Utility.ts">
      <metrics statements="12" coveredstatements="11" conditionals="4" coveredconditionals="3" methods="5" coveredmethods="5"/>
      <line num="1" count="2603" type="stmt"/>
      <line num="3" count="5" type="stmt"/>
      <line num="4" count="10" type="cond" truecount="1" falsecount="1"/>
      <line num="5" count="10" type="stmt"/>
      <line num="6" count="10" type="stmt"/>
      <line num="7" count="21" type="stmt"/>
      <line num="8" count="21" type="cond" truecount="2" falsecount="0"/>
      <line num="9" count="19" type="stmt"/>
      <line num="13" count="10" type="stmt"/>
      <line num="14" count="19" type="stmt"/>
      <line num="17" count="10" type="stmt"/>
      <line num="19" count="0" type="stmt"/>
    </file>
  </project>
</coverage>
