{"C:\\Users\\frank\\Desktop\\21Simulation\\app\\src\\model\\Card.ts": {"path":"C:\\Users\\frank\\Desktop\\21Simulation\\app\\src\\model\\Card.ts","statementMap":{"0":{"start":{"line":1,"column":49},"end":{"line":15,"column":1}},"1":{"start":{"line":17,"column":46},"end":{"line":31,"column":1}},"2":{"start":{"line":33,"column":17},"end":{"line":39,"column":1}},"3":{"start":{"line":47,"column":8},"end":{"line":47,"column":23}},"4":{"start":{"line":48,"column":8},"end":{"line":48,"column":55}},"5":{"start":{"line":49,"column":8},"end":{"line":49,"column":47}},"6":{"start":{"line":53,"column":8},"end":{"line":57,"column":9}},"7":{"start":{"line":61,"column":8},"end":{"line":61,"column":25}},"8":{"start":{"line":65,"column":8},"end":{"line":65,"column":23}},"9":{"start":{"line":69,"column":8},"end":{"line":69,"column":24}}},"fnMap":{"0":{"name":"(anonymous_0)","decl":{"start":{"line":46,"column":4},"end":{"line":46,"column":5}},"loc":{"start":{"line":46,"column":44},"end":{"line":50,"column":5}},"line":46},"1":{"name":"(anonymous_1)","decl":{"start":{"line":52,"column":4},"end":{"line":52,"column":5}},"loc":{"start":{"line":52,"column":10},"end":{"line":58,"column":5}},"line":52},"2":{"name":"(anonymous_2)","decl":{"start":{"line":60,"column":4},"end":{"line":60,"column":5}},"loc":{"start":{"line":60,"column":15},"end":{"line":62,"column":5}},"line":60},"3":{"name":"(anonymous_3)","decl":{"start":{"line":64,"column":4},"end":{"line":64,"column":5}},"loc":{"start":{"line":64,"column":13},"end":{"line":66,"column":5}},"line":64},"4":{"name":"(anonymous_4)","decl":{"start":{"line":68,"column":4},"end":{"line":68,"column":5}},"loc":{"start":{"line":68,"column":14},"end":{"line":70,"column":5}},"line":68}},"branchMap":{"0":{"loc":{"start":{"line":49,"column":20},"end":{"line":49,"column":47}},"type":"cond-expr","locations":[{"start":{"line":49,"column":27},"end":{"line":49,"column":31}},{"start":{"line":49,"column":34},"end":{"line":49,"column":47}}],"line":49}},"s":{"0":6,"1":6,"2":6,"3":14489,"4":14489,"5":14489,"6":0,"7":56,"8":12930,"9":12930},"f":{"0":14489,"1":0,"2":56,"3":12930,"4":12930},"b":{"0":[13940,549]},"_coverageSchema":"1a1c01bbd47fc00a2c39e90264f33305004495a9","hash":"5563b4295ef1f5a94ffe8691885056e032daf5e1"}
,"C:\\Users\\frank\\Desktop\\21Simulation\\app\\src\\model\\CardCollection.ts": {"path":"C:\\Users\\frank\\Desktop\\21Simulation\\app\\src\\model\\CardCollection.ts","statementMap":{"0":{"start":{"line":11,"column":20},"end":{"line":15,"column":1}},"1":{"start":{"line":45,"column":20},"end":{"line":45,"column":22}},"2":{"start":{"line":46,"column":41},"end":{"line":46,"column":43}},"3":{"start":{"line":48,"column":39},"end":{"line":48,"column":40}},"4":{"start":{"line":52,"column":8},"end":{"line":52,"column":39}},"5":{"start":{"line":53,"column":8},"end":{"line":53,"column":74}},"6":{"start":{"line":57,"column":8},"end":{"line":57,"column":25}},"7":{"start":{"line":61,"column":24},"end":{"line":61,"column":42}},"8":{"start":{"line":62,"column":8},"end":{"line":64,"column":9}},"9":{"start":{"line":63,"column":12},"end":{"line":63,"column":55}},"10":{"start":{"line":65,"column":8},"end":{"line":65,"column":24}},"11":{"start":{"line":69,"column":8},"end":{"line":69,"column":45}},"12":{"start":{"line":73,"column":8},"end":{"line":73,"column":32}},"13":{"start":{"line":77,"column":37},"end":{"line":81,"column":9}},"14":{"start":{"line":82,"column":8},"end":{"line":82,"column":44}},"15":{"start":{"line":86,"column":8},"end":{"line":86,"column":37}},"16":{"start":{"line":87,"column":8},"end":{"line":89,"column":9}},"17":{"start":{"line":88,"column":12},"end":{"line":88,"column":44}},"18":{"start":{"line":91,"column":8},"end":{"line":91,"column":31}},"19":{"start":{"line":95,"column":8},"end":{"line":107,"column":9}},"20":{"start":{"line":96,"column":12},"end":{"line":96,"column":116}},"21":{"start":{"line":97,"column":12},"end":{"line":97,"column":87}},"22":{"start":{"line":98,"column":15},"end":{"line":107,"column":9}},"23":{"start":{"line":99,"column":12},"end":{"line":99,"column":66}},"24":{"start":{"line":100,"column":12},"end":{"line":100,"column":74}},"25":{"start":{"line":101,"column":15},"end":{"line":107,"column":9}},"26":{"start":{"line":102,"column":12},"end":{"line":102,"column":66}},"27":{"start":{"line":103,"column":12},"end":{"line":103,"column":87}},"28":{"start":{"line":105,"column":12},"end":{"line":105,"column":123}},"29":{"start":{"line":106,"column":12},"end":{"line":106,"column":87}},"30":{"start":{"line":108,"column":8},"end":{"line":108,"column":19}},"31":{"start":{"line":112,"column":8},"end":{"line":112,"column":49}},"32":{"start":{"line":113,"column":8},"end":{"line":113,"column":41}},"33":{"start":{"line":114,"column":8},"end":{"line":114,"column":19}},"34":{"start":{"line":118,"column":8},"end":{"line":118,"column":51}},"35":{"start":{"line":119,"column":8},"end":{"line":119,"column":30}},"36":{"start":{"line":123,"column":8},"end":{"line":123,"column":68}},"37":{"start":{"line":124,"column":25},"end":{"line":124,"column":43}},"38":{"start":{"line":125,"column":25},"end":{"line":128,"column":82}},"39":{"start":{"line":126,"column":46},"end":{"line":126,"column":124}},"40":{"start":{"line":128,"column":46},"end":{"line":128,"column":82}},"41":{"start":{"line":129,"column":25},"end":{"line":134,"column":10}},"42":{"start":{"line":130,"column":24},"end":{"line":132,"column":14}},"43":{"start":{"line":131,"column":16},"end":{"line":131,"column":39}},"44":{"start":{"line":133,"column":12},"end":{"line":133,"column":35}},"45":{"start":{"line":136,"column":8},"end":{"line":141,"column":9}},"46":{"start":{"line":137,"column":12},"end":{"line":137,"column":29}},"47":{"start":{"line":139,"column":12},"end":{"line":139,"column":44}},"48":{"start":{"line":140,"column":12},"end":{"line":140,"column":24}},"49":{"start":{"line":145,"column":8},"end":{"line":145,"column":45}},"50":{"start":{"line":146,"column":8},"end":{"line":146,"column":31}},"51":{"start":{"line":147,"column":8},"end":{"line":147,"column":19}},"52":{"start":{"line":152,"column":8},"end":{"line":186,"column":9}},"53":{"start":{"line":153,"column":12},"end":{"line":161,"column":13}},"54":{"start":{"line":154,"column":16},"end":{"line":154,"column":70}},"55":{"start":{"line":155,"column":30},"end":{"line":155,"column":56}},"56":{"start":{"line":156,"column":16},"end":{"line":156,"column":30}},"57":{"start":{"line":159,"column":16},"end":{"line":159,"column":47}},"58":{"start":{"line":160,"column":16},"end":{"line":160,"column":28}},"59":{"start":{"line":164,"column":29},"end":{"line":167,"column":86}},"60":{"start":{"line":165,"column":50},"end":{"line":165,"column":128}},"61":{"start":{"line":167,"column":50},"end":{"line":167,"column":86}},"62":{"start":{"line":168,"column":39},"end":{"line":168,"column":41}},"63":{"start":{"line":169,"column":30},"end":{"line":177,"column":14}},"64":{"start":{"line":170,"column":16},"end":{"line":176,"column":17}},"65":{"start":{"line":172,"column":20},"end":{"line":172,"column":40}},"66":{"start":{"line":173,"column":20},"end":{"line":173,"column":32}},"67":{"start":{"line":175,"column":20},"end":{"line":175,"column":31}},"68":{"start":{"line":178,"column":12},"end":{"line":185,"column":13}},"69":{"start":{"line":179,"column":16},"end":{"line":179,"column":64}},"70":{"start":{"line":180,"column":16},"end":{"line":180,"column":40}},"71":{"start":{"line":181,"column":16},"end":{"line":181,"column":35}},"72":{"start":{"line":183,"column":16},"end":{"line":183,"column":72}},"73":{"start":{"line":184,"column":16},"end":{"line":184,"column":28}},"74":{"start":{"line":202,"column":24},"end":{"line":202,"column":42}},"75":{"start":{"line":203,"column":19},"end":{"line":203,"column":32}},"76":{"start":{"line":204,"column":8},"end":{"line":212,"column":9}},"77":{"start":{"line":205,"column":12},"end":{"line":205,"column":34}},"78":{"start":{"line":206,"column":15},"end":{"line":212,"column":9}},"79":{"start":{"line":207,"column":12},"end":{"line":207,"column":34}},"80":{"start":{"line":208,"column":15},"end":{"line":212,"column":9}},"81":{"start":{"line":209,"column":12},"end":{"line":209,"column":36}},"82":{"start":{"line":210,"column":15},"end":{"line":212,"column":9}},"83":{"start":{"line":211,"column":12},"end":{"line":211,"column":33}},"84":{"start":{"line":214,"column":22},"end":{"line":214,"column":73}},"85":{"start":{"line":215,"column":8},"end":{"line":215,"column":38}},"86":{"start":{"line":219,"column":8},"end":{"line":219,"column":34}},"87":{"start":{"line":220,"column":32},"end":{"line":220,"column":34}},"88":{"start":{"line":222,"column":8},"end":{"line":224,"column":9}},"89":{"start":{"line":222,"column":21},"end":{"line":222,"column":22}},"90":{"start":{"line":223,"column":12},"end":{"line":223,"column":51}},"91":{"start":{"line":225,"column":8},"end":{"line":225,"column":23}},"92":{"start":{"line":229,"column":31},"end":{"line":229,"column":33}},"93":{"start":{"line":231,"column":8},"end":{"line":231,"column":35}},"94":{"start":{"line":232,"column":8},"end":{"line":232,"column":47}},"95":{"start":{"line":233,"column":8},"end":{"line":233,"column":58}},"96":{"start":{"line":236,"column":8},"end":{"line":273,"column":9}},"97":{"start":{"line":238,"column":12},"end":{"line":266,"column":13}},"98":{"start":{"line":241,"column":47},"end":{"line":241,"column":71}},"99":{"start":{"line":242,"column":33},"end":{"line":242,"column":56}},"100":{"start":{"line":244,"column":34},"end":{"line":244,"column":36}},"101":{"start":{"line":245,"column":16},"end":{"line":252,"column":17}},"102":{"start":{"line":245,"column":29},"end":{"line":245,"column":30}},"103":{"start":{"line":246,"column":38},"end":{"line":246,"column":68}},"104":{"start":{"line":247,"column":20},"end":{"line":249,"column":21}},"105":{"start":{"line":248,"column":24},"end":{"line":248,"column":68}},"106":{"start":{"line":250,"column":20},"end":{"line":250,"column":49}},"107":{"start":{"line":251,"column":20},"end":{"line":251,"column":56}},"108":{"start":{"line":253,"column":16},"end":{"line":253,"column":62}},"109":{"start":{"line":253,"column":58},"end":{"line":253,"column":61}},"110":{"start":{"line":257,"column":44},"end":{"line":257,"column":46}},"111":{"start":{"line":258,"column":16},"end":{"line":264,"column":17}},"112":{"start":{"line":258,"column":29},"end":{"line":258,"column":30}},"113":{"start":{"line":259,"column":45},"end":{"line":259,"column":73}},"114":{"start":{"line":260,"column":20},"end":{"line":262,"column":21}},"115":{"start":{"line":261,"column":24},"end":{"line":261,"column":73}},"116":{"start":{"line":263,"column":20},"end":{"line":263,"column":57}},"117":{"start":{"line":265,"column":16},"end":{"line":265,"column":103}},"118":{"start":{"line":265,"column":64},"end":{"line":265,"column":102}},"119":{"start":{"line":270,"column":12},"end":{"line":270,"column":54}},"120":{"start":{"line":271,"column":12},"end":{"line":271,"column":43}},"121":{"start":{"line":275,"column":8},"end":{"line":275,"column":23}},"122":{"start":{"line":284,"column":33},"end":{"line":284,"column":75}},"123":{"start":{"line":284,"column":54},"end":{"line":284,"column":74}},"124":{"start":{"line":285,"column":8},"end":{"line":285,"column":79}},"125":{"start":{"line":286,"column":8},"end":{"line":297,"column":9}},"126":{"start":{"line":286,"column":24},"end":{"line":286,"column":25}},"127":{"start":{"line":287,"column":12},"end":{"line":296,"column":13}},"128":{"start":{"line":287,"column":25},"end":{"line":287,"column":26}},"129":{"start":{"line":288,"column":34},"end":{"line":288,"column":73}},"130":{"start":{"line":289,"column":34},"end":{"line":289,"column":73}},"131":{"start":{"line":290,"column":16},"end":{"line":292,"column":17}},"132":{"start":{"line":291,"column":20},"end":{"line":291,"column":73}},"133":{"start":{"line":293,"column":36},"end":{"line":293,"column":58}},"134":{"start":{"line":294,"column":16},"end":{"line":294,"column":63}},"135":{"start":{"line":295,"column":16},"end":{"line":295,"column":49}},"136":{"start":{"line":299,"column":8},"end":{"line":299,"column":30}},"137":{"start":{"line":300,"column":8},"end":{"line":300,"column":19}},"138":{"start":{"line":305,"column":8},"end":{"line":305,"column":46}},"139":{"start":{"line":306,"column":8},"end":{"line":306,"column":19}},"140":{"start":{"line":319,"column":8},"end":{"line":319,"column":50}},"141":{"start":{"line":320,"column":8},"end":{"line":320,"column":19}},"142":{"start":{"line":327,"column":8},"end":{"line":327,"column":15}},"143":{"start":{"line":328,"column":8},"end":{"line":333,"column":9}},"144":{"start":{"line":329,"column":12},"end":{"line":329,"column":114}},"145":{"start":{"line":332,"column":12},"end":{"line":332,"column":46}},"146":{"start":{"line":337,"column":8},"end":{"line":337,"column":44}},"147":{"start":{"line":347,"column":8},"end":{"line":347,"column":15}},"148":{"start":{"line":348,"column":8},"end":{"line":348,"column":39}},"149":{"start":{"line":349,"column":8},"end":{"line":354,"column":9}},"150":{"start":{"line":350,"column":12},"end":{"line":350,"column":122}},"151":{"start":{"line":353,"column":12},"end":{"line":353,"column":54}},"152":{"start":{"line":358,"column":8},"end":{"line":358,"column":61}}},"fnMap":{"0":{"name":"(anonymous_0)","decl":{"start":{"line":51,"column":4},"end":{"line":51,"column":5}},"loc":{"start":{"line":51,"column":32},"end":{"line":54,"column":5}},"line":51},"1":{"name":"(anonymous_1)","decl":{"start":{"line":56,"column":4},"end":{"line":56,"column":5}},"loc":{"start":{"line":56,"column":10},"end":{"line":58,"column":5}},"line":56},"2":{"name":"(anonymous_2)","decl":{"start":{"line":60,"column":4},"end":{"line":60,"column":5}},"loc":{"start":{"line":60,"column":11},"end":{"line":66,"column":5}},"line":60},"3":{"name":"(anonymous_3)","decl":{"start":{"line":68,"column":4},"end":{"line":68,"column":5}},"loc":{"start":{"line":68,"column":12},"end":{"line":70,"column":5}},"line":68},"4":{"name":"(anonymous_4)","decl":{"start":{"line":72,"column":4},"end":{"line":72,"column":5}},"loc":{"start":{"line":72,"column":12},"end":{"line":74,"column":5}},"line":72},"5":{"name":"(anonymous_5)","decl":{"start":{"line":76,"column":4},"end":{"line":76,"column":5}},"loc":{"start":{"line":76,"column":49},"end":{"line":83,"column":5}},"line":76},"6":{"name":"(anonymous_6)","decl":{"start":{"line":85,"column":4},"end":{"line":85,"column":5}},"loc":{"start":{"line":85,"column":29},"end":{"line":92,"column":5}},"line":85},"7":{"name":"(anonymous_7)","decl":{"start":{"line":94,"column":4},"end":{"line":94,"column":5}},"loc":{"start":{"line":94,"column":56},"end":{"line":109,"column":5}},"line":94},"8":{"name":"(anonymous_8)","decl":{"start":{"line":111,"column":4},"end":{"line":111,"column":5}},"loc":{"start":{"line":111,"column":43},"end":{"line":115,"column":5}},"line":111},"9":{"name":"(anonymous_9)","decl":{"start":{"line":117,"column":4},"end":{"line":117,"column":5}},"loc":{"start":{"line":117,"column":41},"end":{"line":120,"column":5}},"line":117},"10":{"name":"(anonymous_10)","decl":{"start":{"line":122,"column":4},"end":{"line":122,"column":5}},"loc":{"start":{"line":122,"column":66},"end":{"line":142,"column":5}},"line":122},"11":{"name":"(anonymous_11)","decl":{"start":{"line":126,"column":12},"end":{"line":126,"column":13}},"loc":{"start":{"line":126,"column":46},"end":{"line":126,"column":124}},"line":126},"12":{"name":"(anonymous_12)","decl":{"start":{"line":128,"column":12},"end":{"line":128,"column":13}},"loc":{"start":{"line":128,"column":46},"end":{"line":128,"column":82}},"line":128},"13":{"name":"(anonymous_13)","decl":{"start":{"line":129,"column":44},"end":{"line":129,"column":45}},"loc":{"start":{"line":129,"column":49},"end":{"line":134,"column":9}},"line":129},"14":{"name":"(anonymous_14)","decl":{"start":{"line":130,"column":42},"end":{"line":130,"column":43}},"loc":{"start":{"line":130,"column":47},"end":{"line":132,"column":13}},"line":130},"15":{"name":"(anonymous_15)","decl":{"start":{"line":144,"column":4},"end":{"line":144,"column":5}},"loc":{"start":{"line":144,"column":33},"end":{"line":148,"column":5}},"line":144},"16":{"name":"(anonymous_16)","decl":{"start":{"line":151,"column":4},"end":{"line":151,"column":5}},"loc":{"start":{"line":151,"column":65},"end":{"line":187,"column":5}},"line":151},"17":{"name":"(anonymous_17)","decl":{"start":{"line":165,"column":16},"end":{"line":165,"column":17}},"loc":{"start":{"line":165,"column":50},"end":{"line":165,"column":128}},"line":165},"18":{"name":"(anonymous_18)","decl":{"start":{"line":167,"column":16},"end":{"line":167,"column":17}},"loc":{"start":{"line":167,"column":50},"end":{"line":167,"column":86}},"line":167},"19":{"name":"(anonymous_19)","decl":{"start":{"line":169,"column":49},"end":{"line":169,"column":50}},"loc":{"start":{"line":169,"column":54},"end":{"line":177,"column":13}},"line":169},"20":{"name":"(anonymous_20)","decl":{"start":{"line":189,"column":4},"end":{"line":189,"column":5}},"loc":{"start":{"line":189,"column":57},"end":{"line":216,"column":5}},"line":189},"21":{"name":"(anonymous_21)","decl":{"start":{"line":218,"column":4},"end":{"line":218,"column":5}},"loc":{"start":{"line":218,"column":36},"end":{"line":226,"column":5}},"line":218},"22":{"name":"(anonymous_22)","decl":{"start":{"line":228,"column":4},"end":{"line":228,"column":5}},"loc":{"start":{"line":228,"column":84},"end":{"line":276,"column":5}},"line":228},"23":{"name":"(anonymous_23)","decl":{"start":{"line":253,"column":51},"end":{"line":253,"column":52}},"loc":{"start":{"line":253,"column":58},"end":{"line":253,"column":61}},"line":253},"24":{"name":"(anonymous_24)","decl":{"start":{"line":265,"column":45},"end":{"line":265,"column":46}},"loc":{"start":{"line":265,"column":64},"end":{"line":265,"column":102}},"line":265},"25":{"name":"(anonymous_25)","decl":{"start":{"line":278,"column":4},"end":{"line":278,"column":5}},"loc":{"start":{"line":278,"column":59},"end":{"line":301,"column":5}},"line":278},"26":{"name":"(anonymous_26)","decl":{"start":{"line":284,"column":49},"end":{"line":284,"column":50}},"loc":{"start":{"line":284,"column":54},"end":{"line":284,"column":74}},"line":284},"27":{"name":"(anonymous_27)","decl":{"start":{"line":303,"column":4},"end":{"line":303,"column":5}},"loc":{"start":{"line":303,"column":35},"end":{"line":307,"column":5}},"line":303},"28":{"name":"(anonymous_28)","decl":{"start":{"line":309,"column":4},"end":{"line":309,"column":5}},"loc":{"start":{"line":309,"column":71},"end":{"line":321,"column":5}},"line":309},"29":{"name":"(anonymous_29)","decl":{"start":{"line":326,"column":4},"end":{"line":326,"column":5}},"loc":{"start":{"line":326,"column":69},"end":{"line":334,"column":5}},"line":326},"30":{"name":"(anonymous_30)","decl":{"start":{"line":336,"column":4},"end":{"line":336,"column":5}},"loc":{"start":{"line":336,"column":12},"end":{"line":338,"column":5}},"line":336},"31":{"name":"(anonymous_31)","decl":{"start":{"line":346,"column":4},"end":{"line":346,"column":5}},"loc":{"start":{"line":346,"column":79},"end":{"line":355,"column":5}},"line":346},"32":{"name":"(anonymous_32)","decl":{"start":{"line":357,"column":4},"end":{"line":357,"column":5}},"loc":{"start":{"line":357,"column":12},"end":{"line":359,"column":5}},"line":357}},"branchMap":{"0":{"loc":{"start":{"line":52,"column":21},"end":{"line":52,"column":39}},"type":"cond-expr","locations":[{"start":{"line":52,"column":29},"end":{"line":52,"column":34}},{"start":{"line":52,"column":37},"end":{"line":52,"column":39}}],"line":52},"1":{"loc":{"start":{"line":62,"column":8},"end":{"line":64,"column":9}},"type":"if","locations":[{"start":{"line":62,"column":8},"end":{"line":64,"column":9}},{"start":{"line":62,"column":8},"end":{"line":64,"column":9}}],"line":62},"2":{"loc":{"start":{"line":87,"column":8},"end":{"line":89,"column":9}},"type":"if","locations":[{"start":{"line":87,"column":8},"end":{"line":89,"column":9}},{"start":{"line":87,"column":8},"end":{"line":89,"column":9}}],"line":87},"3":{"loc":{"start":{"line":95,"column":8},"end":{"line":107,"column":9}},"type":"if","locations":[{"start":{"line":95,"column":8},"end":{"line":107,"column":9}},{"start":{"line":95,"column":8},"end":{"line":107,"column":9}}],"line":95},"4":{"loc":{"start":{"line":96,"column":82},"end":{"line":96,"column":113}},"type":"cond-expr","locations":[{"start":{"line":96,"column":92},"end":{"line":96,"column":99}},{"start":{"line":96,"column":102},"end":{"line":96,"column":113}}],"line":96},"5":{"loc":{"start":{"line":98,"column":15},"end":{"line":107,"column":9}},"type":"if","locations":[{"start":{"line":98,"column":15},"end":{"line":107,"column":9}},{"start":{"line":98,"column":15},"end":{"line":107,"column":9}}],"line":98},"6":{"loc":{"start":{"line":101,"column":15},"end":{"line":107,"column":9}},"type":"if","locations":[{"start":{"line":101,"column":15},"end":{"line":107,"column":9}},{"start":{"line":101,"column":15},"end":{"line":107,"column":9}}],"line":101},"7":{"loc":{"start":{"line":112,"column":20},"end":{"line":112,"column":49}},"type":"cond-expr","locations":[{"start":{"line":112,"column":36},"end":{"line":112,"column":45}},{"start":{"line":112,"column":48},"end":{"line":112,"column":49}}],"line":112},"8":{"loc":{"start":{"line":118,"column":19},"end":{"line":118,"column":51}},"type":"cond-expr","locations":[{"start":{"line":118,"column":30},"end":{"line":118,"column":38}},{"start":{"line":118,"column":41},"end":{"line":118,"column":51}}],"line":118},"9":{"loc":{"start":{"line":122,"column":38},"end":{"line":122,"column":64}},"type":"default-arg","locations":[{"start":{"line":122,"column":59},"end":{"line":122,"column":64}}],"line":122},"10":{"loc":{"start":{"line":123,"column":19},"end":{"line":123,"column":68}},"type":"cond-expr","locations":[{"start":{"line":123,"column":47},"end":{"line":123,"column":55}},{"start":{"line":123,"column":58},"end":{"line":123,"column":68}}],"line":123},"11":{"loc":{"start":{"line":125,"column":25},"end":{"line":128,"column":82}},"type":"cond-expr","locations":[{"start":{"line":126,"column":12},"end":{"line":126,"column":124}},{"start":{"line":128,"column":12},"end":{"line":128,"column":82}}],"line":125},"12":{"loc":{"start":{"line":126,"column":46},"end":{"line":126,"column":124}},"type":"binary-expr","locations":[{"start":{"line":126,"column":46},"end":{"line":126,"column":82}},{"start":{"line":126,"column":86},"end":{"line":126,"column":124}}],"line":126},"13":{"loc":{"start":{"line":136,"column":8},"end":{"line":141,"column":9}},"type":"if","locations":[{"start":{"line":136,"column":8},"end":{"line":141,"column":9}},{"start":{"line":136,"column":8},"end":{"line":141,"column":9}}],"line":136},"14":{"loc":{"start":{"line":151,"column":37},"end":{"line":151,"column":63}},"type":"default-arg","locations":[{"start":{"line":151,"column":58},"end":{"line":151,"column":63}}],"line":151},"15":{"loc":{"start":{"line":152,"column":8},"end":{"line":186,"column":9}},"type":"if","locations":[{"start":{"line":152,"column":8},"end":{"line":186,"column":9}},{"start":{"line":152,"column":8},"end":{"line":186,"column":9}}],"line":152},"16":{"loc":{"start":{"line":153,"column":12},"end":{"line":161,"column":13}},"type":"if","locations":[{"start":{"line":153,"column":12},"end":{"line":161,"column":13}},{"start":{"line":153,"column":12},"end":{"line":161,"column":13}}],"line":153},"17":{"loc":{"start":{"line":164,"column":29},"end":{"line":167,"column":86}},"type":"cond-expr","locations":[{"start":{"line":165,"column":16},"end":{"line":165,"column":128}},{"start":{"line":167,"column":16},"end":{"line":167,"column":86}}],"line":164},"18":{"loc":{"start":{"line":165,"column":50},"end":{"line":165,"column":128}},"type":"binary-expr","locations":[{"start":{"line":165,"column":50},"end":{"line":165,"column":86}},{"start":{"line":165,"column":90},"end":{"line":165,"column":128}}],"line":165},"19":{"loc":{"start":{"line":170,"column":16},"end":{"line":176,"column":17}},"type":"if","locations":[{"start":{"line":170,"column":16},"end":{"line":176,"column":17}},{"start":{"line":170,"column":16},"end":{"line":176,"column":17}}],"line":170},"20":{"loc":{"start":{"line":178,"column":12},"end":{"line":185,"column":13}},"type":"if","locations":[{"start":{"line":178,"column":12},"end":{"line":185,"column":13}},{"start":{"line":178,"column":12},"end":{"line":185,"column":13}}],"line":178},"21":{"loc":{"start":{"line":189,"column":39},"end":{"line":189,"column":55}},"type":"default-arg","locations":[{"start":{"line":189,"column":54},"end":{"line":189,"column":55}}],"line":189},"22":{"loc":{"start":{"line":204,"column":8},"end":{"line":212,"column":9}},"type":"if","locations":[{"start":{"line":204,"column":8},"end":{"line":212,"column":9}},{"start":{"line":204,"column":8},"end":{"line":212,"column":9}}],"line":204},"23":{"loc":{"start":{"line":206,"column":15},"end":{"line":212,"column":9}},"type":"if","locations":[{"start":{"line":206,"column":15},"end":{"line":212,"column":9}},{"start":{"line":206,"column":15},"end":{"line":212,"column":9}}],"line":206},"24":{"loc":{"start":{"line":208,"column":15},"end":{"line":212,"column":9}},"type":"if","locations":[{"start":{"line":208,"column":15},"end":{"line":212,"column":9}},{"start":{"line":208,"column":15},"end":{"line":212,"column":9}}],"line":208},"25":{"loc":{"start":{"line":210,"column":15},"end":{"line":212,"column":9}},"type":"if","locations":[{"start":{"line":210,"column":15},"end":{"line":212,"column":9}},{"start":{"line":210,"column":15},"end":{"line":212,"column":9}}],"line":210},"26":{"loc":{"start":{"line":218,"column":18},"end":{"line":218,"column":34}},"type":"default-arg","locations":[{"start":{"line":218,"column":33},"end":{"line":218,"column":34}}],"line":218},"27":{"loc":{"start":{"line":219,"column":15},"end":{"line":219,"column":34}},"type":"cond-expr","locations":[{"start":{"line":219,"column":26},"end":{"line":219,"column":27}},{"start":{"line":219,"column":30},"end":{"line":219,"column":34}}],"line":219},"28":{"loc":{"start":{"line":228,"column":39},"end":{"line":228,"column":55}},"type":"default-arg","locations":[{"start":{"line":228,"column":54},"end":{"line":228,"column":55}}],"line":228},"29":{"loc":{"start":{"line":228,"column":57},"end":{"line":228,"column":81}},"type":"default-arg","locations":[{"start":{"line":228,"column":76},"end":{"line":228,"column":81}}],"line":228},"30":{"loc":{"start":{"line":231,"column":15},"end":{"line":231,"column":35}},"type":"cond-expr","locations":[{"start":{"line":231,"column":27},"end":{"line":231,"column":31}},{"start":{"line":231,"column":34},"end":{"line":231,"column":35}}],"line":231},"31":{"loc":{"start":{"line":232,"column":19},"end":{"line":232,"column":47}},"type":"cond-expr","locations":[{"start":{"line":232,"column":34},"end":{"line":232,"column":36}},{"start":{"line":232,"column":39},"end":{"line":232,"column":47}}],"line":232},"32":{"loc":{"start":{"line":233,"column":19},"end":{"line":233,"column":58}},"type":"cond-expr","locations":[{"start":{"line":233,"column":40},"end":{"line":233,"column":47}},{"start":{"line":233,"column":50},"end":{"line":233,"column":58}}],"line":233},"33":{"loc":{"start":{"line":236,"column":8},"end":{"line":273,"column":9}},"type":"if","locations":[{"start":{"line":236,"column":8},"end":{"line":273,"column":9}},{"start":{"line":236,"column":8},"end":{"line":273,"column":9}}],"line":236},"34":{"loc":{"start":{"line":238,"column":12},"end":{"line":266,"column":13}},"type":"if","locations":[{"start":{"line":238,"column":12},"end":{"line":266,"column":13}},{"start":{"line":238,"column":12},"end":{"line":266,"column":13}}],"line":238},"35":{"loc":{"start":{"line":285,"column":20},"end":{"line":285,"column":79}},"type":"cond-expr","locations":[{"start":{"line":285,"column":49},"end":{"line":285,"column":58}},{"start":{"line":285,"column":61},"end":{"line":285,"column":79}}],"line":285},"36":{"loc":{"start":{"line":285,"column":20},"end":{"line":285,"column":46}},"type":"binary-expr","locations":[{"start":{"line":285,"column":20},"end":{"line":285,"column":29}},{"start":{"line":285,"column":33},"end":{"line":285,"column":46}}],"line":285},"37":{"loc":{"start":{"line":309,"column":32},"end":{"line":309,"column":50}},"type":"default-arg","locations":[{"start":{"line":309,"column":49},"end":{"line":309,"column":50}}],"line":309},"38":{"loc":{"start":{"line":309,"column":52},"end":{"line":309,"column":69}},"type":"default-arg","locations":[{"start":{"line":309,"column":68},"end":{"line":309,"column":69}}],"line":309},"39":{"loc":{"start":{"line":326,"column":16},"end":{"line":326,"column":67}},"type":"default-arg","locations":[{"start":{"line":326,"column":65},"end":{"line":326,"column":67}}],"line":326},"40":{"loc":{"start":{"line":326,"column":25},"end":{"line":326,"column":38}},"type":"default-arg","locations":[{"start":{"line":326,"column":33},"end":{"line":326,"column":38}}],"line":326},"41":{"loc":{"start":{"line":328,"column":8},"end":{"line":333,"column":9}},"type":"if","locations":[{"start":{"line":328,"column":8},"end":{"line":333,"column":9}},{"start":{"line":328,"column":8},"end":{"line":333,"column":9}}],"line":328},"42":{"loc":{"start":{"line":329,"column":25},"end":{"line":329,"column":114}},"type":"cond-expr","locations":[{"start":{"line":329,"column":48},"end":{"line":329,"column":63}},{"start":{"line":329,"column":66},"end":{"line":329,"column":114}}],"line":329},"43":{"loc":{"start":{"line":346,"column":16},"end":{"line":346,"column":77}},"type":"default-arg","locations":[{"start":{"line":346,"column":75},"end":{"line":346,"column":77}}],"line":346},"44":{"loc":{"start":{"line":346,"column":25},"end":{"line":346,"column":33}},"type":"default-arg","locations":[{"start":{"line":346,"column":32},"end":{"line":346,"column":33}}],"line":346},"45":{"loc":{"start":{"line":346,"column":35},"end":{"line":346,"column":48}},"type":"default-arg","locations":[{"start":{"line":346,"column":43},"end":{"line":346,"column":48}}],"line":346},"46":{"loc":{"start":{"line":348,"column":20},"end":{"line":348,"column":39}},"type":"cond-expr","locations":[{"start":{"line":348,"column":31},"end":{"line":348,"column":32}},{"start":{"line":348,"column":35},"end":{"line":348,"column":39}}],"line":348},"47":{"loc":{"start":{"line":349,"column":8},"end":{"line":354,"column":9}},"type":"if","locations":[{"start":{"line":349,"column":8},"end":{"line":354,"column":9}},{"start":{"line":349,"column":8},"end":{"line":354,"column":9}}],"line":349},"48":{"loc":{"start":{"line":350,"column":25},"end":{"line":350,"column":122}},"type":"cond-expr","locations":[{"start":{"line":350,"column":48},"end":{"line":350,"column":63}},{"start":{"line":350,"column":66},"end":{"line":350,"column":122}}],"line":350}},"s":{"0":5,"1":154,"2":154,"3":154,"4":154,"5":154,"6":70,"7":0,"8":0,"9":0,"10":0,"11":0,"12":0,"13":1,"14":1,"15":1,"16":1,"17":0,"18":1,"19":0,"20":0,"21":0,"22":0,"23":0,"24":0,"25":0,"26":0,"27":0,"28":0,"29":0,"30":0,"31":0,"32":0,"33":0,"34":0,"35":0,"36":0,"37":0,"38":0,"39":0,"40":0,"41":0,"42":0,"43":0,"44":0,"45":0,"46":0,"47":0,"48":0,"49":0,"50":0,"51":0,"52":0,"53":0,"54":0,"55":0,"56":0,"57":0,"58":0,"59":0,"60":0,"61":0,"62":0,"63":0,"64":0,"65":0,"66":0,"67":0,"68":0,"69":0,"70":0,"71":0,"72":0,"73":0,"74":13914,"75":13914,"76":13914,"77":3477,"78":10437,"79":3480,"80":6957,"81":3484,"82":3473,"83":3473,"84":13914,"85":13914,"86":45,"87":45,"88":45,"89":45,"90":12792,"91":45,"92":34,"93":34,"94":34,"95":34,"96":34,"97":34,"98":16,"99":16,"100":16,"101":16,"102":16,"103":724,"104":724,"105":126,"106":724,"107":724,"108":16,"109":3644,"110":18,"111":18,"112":18,"113":1122,"114":1122,"115":276,"116":1122,"117":18,"118":1122,"119":0,"120":0,"121":34,"122":1,"123":26,"124":1,"125":1,"126":1,"127":2,"128":2,"129":156,"130":156,"131":156,"132":8,"133":156,"134":156,"135":156,"136":1,"137":1,"138":0,"139":0,"140":0,"141":0,"142":63,"143":63,"144":57,"145":6,"146":42,"147":47,"148":47,"149":47,"150":24,"151":23,"152":2},"f":{"0":154,"1":70,"2":0,"3":0,"4":0,"5":1,"6":1,"7":0,"8":0,"9":0,"10":0,"11":0,"12":0,"13":0,"14":0,"15":0,"16":0,"17":0,"18":0,"19":0,"20":13914,"21":45,"22":34,"23":3644,"24":1122,"25":1,"26":26,"27":0,"28":0,"29":63,"30":42,"31":47,"32":2},"b":{"0":[0,154],"1":[0,0],"2":[0,1],"3":[0,0],"4":[0,0],"5":[0,0],"6":[0,0],"7":[0,0],"8":[0,0],"9":[0],"10":[0,0],"11":[0,0],"12":[0,0],"13":[0,0],"14":[0],"15":[0,0],"16":[0,0],"17":[0,0],"18":[0,0],"19":[0,0],"20":[0,0],"21":[0],"22":[3477,10437],"23":[3480,6957],"24":[3484,3473],"25":[3473,0],"26":[0],"27":[0,45],"28":[0],"29":[0],"30":[34,0],"31":[0,34],"32":[0,34],"33":[34,0],"34":[16,18],"35":[0,1],"36":[1,0],"37":[0],"38":[0],"39":[6],"40":[63],"41":[57,6],"42":[45,12],"43":[1],"44":[1],"45":[47],"46":[0,47],"47":[24,23],"48":[2,22]},"_coverageSchema":"1a1c01bbd47fc00a2c39e90264f33305004495a9","hash":"732833cddaa46398184cf7485db1f17accaa91d1"}
,"C:\\Users\\frank\\Desktop\\21Simulation\\app\\src\\model\\CountingSystem.ts": {"path":"C:\\Users\\frank\\Desktop\\21Simulation\\app\\src\\model\\CountingSystem.ts","statementMap":{"0":{"start":{"line":23,"column":24},"end":{"line":23,"column":25}},"1":{"start":{"line":24,"column":24},"end":{"line":24,"column":25}},"2":{"start":{"line":25,"column":26},"end":{"line":25,"column":28}},"3":{"start":{"line":26,"column":40},"end":{"line":26,"column":42}},"4":{"start":{"line":27,"column":30},"end":{"line":27,"column":31}},"5":{"start":{"line":29,"column":14},"end":{"line":31,"column":5}},"6":{"start":{"line":30,"column":8},"end":{"line":30,"column":24}},"7":{"start":{"line":33,"column":15},"end":{"line":35,"column":5}},"8":{"start":{"line":34,"column":8},"end":{"line":34,"column":25}},"9":{"start":{"line":37,"column":12},"end":{"line":39,"column":5}},"10":{"start":{"line":38,"column":8},"end":{"line":38,"column":22}},"11":{"start":{"line":41,"column":12},"end":{"line":43,"column":5}},"12":{"start":{"line":42,"column":8},"end":{"line":42,"column":22}},"13":{"start":{"line":45,"column":23},"end":{"line":59,"column":5}},"14":{"start":{"line":46,"column":20},"end":{"line":46,"column":24}},"15":{"start":{"line":47,"column":8},"end":{"line":52,"column":9}},"16":{"start":{"line":47,"column":21},"end":{"line":47,"column":22}},"17":{"start":{"line":48,"column":12},"end":{"line":51,"column":13}},"18":{"start":{"line":49,"column":16},"end":{"line":49,"column":43}},"19":{"start":{"line":50,"column":16},"end":{"line":50,"column":21}},"20":{"start":{"line":54,"column":8},"end":{"line":57,"column":9}},"21":{"start":{"line":55,"column":12},"end":{"line":55,"column":95}},"22":{"start":{"line":56,"column":12},"end":{"line":56,"column":22}},"23":{"start":{"line":58,"column":8},"end":{"line":58,"column":20}},"24":{"start":{"line":61,"column":17},"end":{"line":73,"column":5}},"25":{"start":{"line":62,"column":8},"end":{"line":62,"column":19}},"26":{"start":{"line":63,"column":8},"end":{"line":66,"column":9}},"27":{"start":{"line":64,"column":12},"end":{"line":64,"column":52}},"28":{"start":{"line":65,"column":12},"end":{"line":65,"column":31}},"29":{"start":{"line":68,"column":8},"end":{"line":70,"column":10}},"30":{"start":{"line":69,"column":12},"end":{"line":69,"column":47}},"31":{"start":{"line":72,"column":8},"end":{"line":72,"column":19}},"32":{"start":{"line":87,"column":8},"end":{"line":87,"column":26}},"33":{"start":{"line":88,"column":8},"end":{"line":88,"column":26}},"34":{"start":{"line":92,"column":8},"end":{"line":92,"column":68}},"35":{"start":{"line":92,"column":39},"end":{"line":92,"column":56}},"36":{"start":{"line":99,"column":8},"end":{"line":99,"column":16}},"37":{"start":{"line":100,"column":8},"end":{"line":100,"column":27}},"38":{"start":{"line":101,"column":8},"end":{"line":101,"column":25}},"39":{"start":{"line":102,"column":8},"end":{"line":122,"column":9}},"40":{"start":{"line":129,"column":8},"end":{"line":129,"column":16}},"41":{"start":{"line":130,"column":8},"end":{"line":130,"column":32}},"42":{"start":{"line":131,"column":8},"end":{"line":131,"column":25}},"43":{"start":{"line":132,"column":8},"end":{"line":158,"column":9}},"44":{"start":{"line":165,"column":8},"end":{"line":165,"column":16}},"45":{"start":{"line":166,"column":8},"end":{"line":166,"column":30}},"46":{"start":{"line":167,"column":8},"end":{"line":167,"column":25}},"47":{"start":{"line":168,"column":8},"end":{"line":192,"column":9}},"48":{"start":{"line":197,"column":38},"end":{"line":197,"column":40}},"49":{"start":{"line":198,"column":51},"end":{"line":198,"column":53}},"50":{"start":{"line":201,"column":8},"end":{"line":204,"column":30}},"51":{"start":{"line":205,"column":8},"end":{"line":205,"column":35}},"52":{"start":{"line":209,"column":27},"end":{"line":209,"column":73}},"53":{"start":{"line":210,"column":32},"end":{"line":210,"column":88}},"54":{"start":{"line":210,"column":71},"end":{"line":210,"column":87}},"55":{"start":{"line":211,"column":8},"end":{"line":211,"column":106}},"56":{"start":{"line":211,"column":59},"end":{"line":211,"column":105}},"57":{"start":{"line":213,"column":8},"end":{"line":216,"column":9}},"58":{"start":{"line":214,"column":12},"end":{"line":214,"column":54}},"59":{"start":{"line":215,"column":12},"end":{"line":215,"column":39}},"60":{"start":{"line":217,"column":8},"end":{"line":217,"column":19}},"61":{"start":{"line":221,"column":8},"end":{"line":245,"column":9}},"62":{"start":{"line":222,"column":12},"end":{"line":227,"column":13}},"63":{"start":{"line":223,"column":16},"end":{"line":223,"column":60}},"64":{"start":{"line":226,"column":16},"end":{"line":226,"column":63}},"65":{"start":{"line":230,"column":29},"end":{"line":230,"column":75}},"66":{"start":{"line":231,"column":60},"end":{"line":231,"column":62}},"67":{"start":{"line":232,"column":12},"end":{"line":242,"column":14}},"68":{"start":{"line":233,"column":42},"end":{"line":233,"column":46}},"69":{"start":{"line":234,"column":16},"end":{"line":238,"column":18}},"70":{"start":{"line":235,"column":20},"end":{"line":237,"column":21}},"71":{"start":{"line":236,"column":24},"end":{"line":236,"column":42}},"72":{"start":{"line":239,"column":16},"end":{"line":241,"column":17}},"73":{"start":{"line":240,"column":20},"end":{"line":240,"column":41}},"74":{"start":{"line":244,"column":12},"end":{"line":244,"column":43}},"75":{"start":{"line":247,"column":8},"end":{"line":247,"column":35}},"76":{"start":{"line":248,"column":8},"end":{"line":248,"column":19}},"77":{"start":{"line":252,"column":8},"end":{"line":252,"column":28}},"78":{"start":{"line":253,"column":8},"end":{"line":253,"column":35}},"79":{"start":{"line":254,"column":8},"end":{"line":254,"column":19}},"80":{"start":{"line":259,"column":8},"end":{"line":259,"column":69}},"81":{"start":{"line":259,"column":56},"end":{"line":259,"column":67}},"82":{"start":{"line":263,"column":8},"end":{"line":263,"column":34}},"83":{"start":{"line":267,"column":8},"end":{"line":267,"column":30}},"84":{"start":{"line":271,"column":8},"end":{"line":278,"column":10}},"85":{"start":{"line":272,"column":12},"end":{"line":277,"column":13}},"86":{"start":{"line":282,"column":18},"end":{"line":282,"column":45}}},"fnMap":{"0":{"name":"(anonymous_0)","decl":{"start":{"line":29,"column":14},"end":{"line":29,"column":15}},"loc":{"start":{"line":29,"column":20},"end":{"line":31,"column":5}},"line":29},"1":{"name":"(anonymous_1)","decl":{"start":{"line":33,"column":15},"end":{"line":33,"column":16}},"loc":{"start":{"line":33,"column":21},"end":{"line":35,"column":5}},"line":33},"2":{"name":"(anonymous_2)","decl":{"start":{"line":37,"column":12},"end":{"line":37,"column":13}},"loc":{"start":{"line":37,"column":18},"end":{"line":39,"column":5}},"line":37},"3":{"name":"(anonymous_3)","decl":{"start":{"line":41,"column":12},"end":{"line":41,"column":13}},"loc":{"start":{"line":41,"column":18},"end":{"line":43,"column":5}},"line":41},"4":{"name":"(anonymous_4)","decl":{"start":{"line":45,"column":23},"end":{"line":45,"column":24}},"loc":{"start":{"line":45,"column":39},"end":{"line":59,"column":5}},"line":45},"5":{"name":"(anonymous_5)","decl":{"start":{"line":61,"column":17},"end":{"line":61,"column":18}},"loc":{"start":{"line":61,"column":62},"end":{"line":73,"column":5}},"line":61},"6":{"name":"(anonymous_6)","decl":{"start":{"line":68,"column":23},"end":{"line":68,"column":24}},"loc":{"start":{"line":68,"column":30},"end":{"line":70,"column":9}},"line":68},"7":{"name":"(anonymous_7)","decl":{"start":{"line":86,"column":4},"end":{"line":86,"column":5}},"loc":{"start":{"line":86,"column":51},"end":{"line":89,"column":5}},"line":86},"8":{"name":"(anonymous_8)","decl":{"start":{"line":91,"column":4},"end":{"line":91,"column":5}},"loc":{"start":{"line":91,"column":24},"end":{"line":93,"column":5}},"line":91},"9":{"name":"(anonymous_9)","decl":{"start":{"line":92,"column":34},"end":{"line":92,"column":35}},"loc":{"start":{"line":92,"column":39},"end":{"line":92,"column":56}},"line":92},"10":{"name":"(anonymous_10)","decl":{"start":{"line":98,"column":4},"end":{"line":98,"column":5}},"loc":{"start":{"line":98,"column":18},"end":{"line":123,"column":5}},"line":98},"11":{"name":"(anonymous_11)","decl":{"start":{"line":128,"column":4},"end":{"line":128,"column":5}},"loc":{"start":{"line":128,"column":18},"end":{"line":159,"column":5}},"line":128},"12":{"name":"(anonymous_12)","decl":{"start":{"line":164,"column":4},"end":{"line":164,"column":5}},"loc":{"start":{"line":164,"column":18},"end":{"line":193,"column":5}},"line":164},"13":{"name":"(anonymous_13)","decl":{"start":{"line":200,"column":4},"end":{"line":200,"column":5}},"loc":{"start":{"line":200,"column":79},"end":{"line":206,"column":5}},"line":200},"14":{"name":"(anonymous_14)","decl":{"start":{"line":208,"column":4},"end":{"line":208,"column":5}},"loc":{"start":{"line":208,"column":70},"end":{"line":218,"column":5}},"line":208},"15":{"name":"(anonymous_15)","decl":{"start":{"line":210,"column":59},"end":{"line":210,"column":60}},"loc":{"start":{"line":210,"column":71},"end":{"line":210,"column":87}},"line":210},"16":{"name":"(anonymous_16)","decl":{"start":{"line":211,"column":54},"end":{"line":211,"column":55}},"loc":{"start":{"line":211,"column":59},"end":{"line":211,"column":105}},"line":211},"17":{"name":"(anonymous_17)","decl":{"start":{"line":220,"column":4},"end":{"line":220,"column":5}},"loc":{"start":{"line":220,"column":82},"end":{"line":249,"column":5}},"line":220},"18":{"name":"(anonymous_18)","decl":{"start":{"line":232,"column":37},"end":{"line":232,"column":38}},"loc":{"start":{"line":232,"column":42},"end":{"line":242,"column":13}},"line":232},"19":{"name":"(anonymous_19)","decl":{"start":{"line":234,"column":36},"end":{"line":234,"column":37}},"loc":{"start":{"line":234,"column":43},"end":{"line":238,"column":17}},"line":234},"20":{"name":"(anonymous_20)","decl":{"start":{"line":251,"column":4},"end":{"line":251,"column":5}},"loc":{"start":{"line":251,"column":16},"end":{"line":255,"column":5}},"line":251},"21":{"name":"(anonymous_21)","decl":{"start":{"line":258,"column":4},"end":{"line":258,"column":5}},"loc":{"start":{"line":258,"column":27},"end":{"line":260,"column":5}},"line":258},"22":{"name":"(anonymous_22)","decl":{"start":{"line":259,"column":51},"end":{"line":259,"column":52}},"loc":{"start":{"line":259,"column":56},"end":{"line":259,"column":67}},"line":259},"23":{"name":"(anonymous_23)","decl":{"start":{"line":262,"column":4},"end":{"line":262,"column":5}},"loc":{"start":{"line":262,"column":21},"end":{"line":264,"column":5}},"line":262},"24":{"name":"(anonymous_24)","decl":{"start":{"line":266,"column":4},"end":{"line":266,"column":5}},"loc":{"start":{"line":266,"column":16},"end":{"line":268,"column":5}},"line":266},"25":{"name":"(anonymous_25)","decl":{"start":{"line":270,"column":4},"end":{"line":270,"column":5}},"loc":{"start":{"line":270,"column":21},"end":{"line":279,"column":5}},"line":270},"26":{"name":"(anonymous_26)","decl":{"start":{"line":271,"column":36},"end":{"line":271,"column":37}},"loc":{"start":{"line":271,"column":41},"end":{"line":278,"column":9}},"line":271}},"branchMap":{"0":{"loc":{"start":{"line":48,"column":12},"end":{"line":51,"column":13}},"type":"if","locations":[{"start":{"line":48,"column":12},"end":{"line":51,"column":13}},{"start":{"line":48,"column":12},"end":{"line":51,"column":13}}],"line":48},"1":{"loc":{"start":{"line":54,"column":8},"end":{"line":57,"column":9}},"type":"if","locations":[{"start":{"line":54,"column":8},"end":{"line":57,"column":9}},{"start":{"line":54,"column":8},"end":{"line":57,"column":9}}],"line":54},"2":{"loc":{"start":{"line":63,"column":8},"end":{"line":66,"column":9}},"type":"if","locations":[{"start":{"line":63,"column":8},"end":{"line":66,"column":9}},{"start":{"line":63,"column":8},"end":{"line":66,"column":9}}],"line":63},"3":{"loc":{"start":{"line":201,"column":26},"end":{"line":204,"column":30}},"type":"cond-expr","locations":[{"start":{"line":202,"column":28},"end":{"line":202,"column":74}},{"start":{"line":204,"column":28},"end":{"line":204,"column":30}}],"line":201},"4":{"loc":{"start":{"line":202,"column":28},"end":{"line":202,"column":74}},"type":"cond-expr","locations":[{"start":{"line":202,"column":55},"end":{"line":202,"column":62}},{"start":{"line":202,"column":65},"end":{"line":202,"column":74}}],"line":202},"5":{"loc":{"start":{"line":209,"column":27},"end":{"line":209,"column":73}},"type":"cond-expr","locations":[{"start":{"line":209,"column":54},"end":{"line":209,"column":61}},{"start":{"line":209,"column":64},"end":{"line":209,"column":73}}],"line":209},"6":{"loc":{"start":{"line":213,"column":8},"end":{"line":216,"column":9}},"type":"if","locations":[{"start":{"line":213,"column":8},"end":{"line":216,"column":9}},{"start":{"line":213,"column":8},"end":{"line":216,"column":9}}],"line":213},"7":{"loc":{"start":{"line":221,"column":8},"end":{"line":245,"column":9}},"type":"if","locations":[{"start":{"line":221,"column":8},"end":{"line":245,"column":9}},{"start":{"line":221,"column":8},"end":{"line":245,"column":9}}],"line":221},"8":{"loc":{"start":{"line":222,"column":12},"end":{"line":227,"column":13}},"type":"if","locations":[{"start":{"line":222,"column":12},"end":{"line":227,"column":13}},{"start":{"line":222,"column":12},"end":{"line":227,"column":13}}],"line":222},"9":{"loc":{"start":{"line":230,"column":29},"end":{"line":230,"column":75}},"type":"cond-expr","locations":[{"start":{"line":230,"column":56},"end":{"line":230,"column":63}},{"start":{"line":230,"column":66},"end":{"line":230,"column":75}}],"line":230},"10":{"loc":{"start":{"line":235,"column":20},"end":{"line":237,"column":21}},"type":"if","locations":[{"start":{"line":235,"column":20},"end":{"line":237,"column":21}},{"start":{"line":235,"column":20},"end":{"line":237,"column":21}}],"line":235},"11":{"loc":{"start":{"line":239,"column":16},"end":{"line":241,"column":17}},"type":"if","locations":[{"start":{"line":239,"column":16},"end":{"line":241,"column":17}},{"start":{"line":239,"column":16},"end":{"line":241,"column":17}}],"line":239}},"s":{"0":37,"1":37,"2":37,"3":37,"4":37,"5":37,"6":91,"7":37,"8":0,"9":37,"10":0,"11":37,"12":9,"13":37,"14":297,"15":297,"16":297,"17":834,"18":297,"19":297,"20":297,"21":0,"22":0,"23":297,"24":37,"25":9,"26":9,"27":9,"28":9,"29":9,"30":297,"31":9,"32":162,"33":162,"34":834,"35":2487,"36":16,"37":16,"38":16,"39":16,"40":9,"41":9,"42":9,"43":9,"44":12,"45":12,"46":12,"47":12,"48":1,"49":1,"50":1,"51":1,"52":10,"53":10,"54":21,"55":10,"56":19,"57":10,"58":8,"59":8,"60":10,"61":3,"62":1,"63":1,"64":0,"65":2,"66":2,"67":2,"68":6,"69":6,"70":9,"71":3,"72":6,"73":3,"74":2,"75":3,"76":3,"77":8,"78":8,"79":8,"80":20,"81":23,"82":7,"83":0,"84":0,"85":0,"86":1},"f":{"0":91,"1":0,"2":0,"3":9,"4":297,"5":9,"6":297,"7":162,"8":834,"9":2487,"10":16,"11":9,"12":12,"13":1,"14":10,"15":21,"16":19,"17":3,"18":6,"19":9,"20":8,"21":20,"22":23,"23":7,"24":0,"25":0,"26":0},"b":{"0":[297,537],"1":[0,297],"2":[9,0],"3":[0,1],"4":[0,0],"5":[6,4],"6":[8,2],"7":[1,2],"8":[1,0],"9":[1,1],"10":[3,6],"11":[3,3]},"_coverageSchema":"1a1c01bbd47fc00a2c39e90264f33305004495a9","hash":"4800b6c11a84090401dd4c7e75fc429cfeb85aa6"}
,"C:\\Users\\frank\\Desktop\\21Simulation\\app\\src\\model\\GameConfig.ts": {"path":"C:\\Users\\frank\\Desktop\\21Simulation\\app\\src\\model\\GameConfig.ts","statementMap":{"0":{"start":{"line":1,"column":41},"end":{"line":11,"column":1}}},"fnMap":{},"branchMap":{},"s":{"0":3},"f":{},"b":{},"_coverageSchema":"1a1c01bbd47fc00a2c39e90264f33305004495a9","hash":"6820cc86515d7bc07640ae6849cfbc79e0164396"}
,"C:\\Users\\frank\\Desktop\\21Simulation\\app\\src\\model\\GameController.ts": {"path":"C:\\Users\\frank\\Desktop\\21Simulation\\app\\src\\model\\GameController.ts","statementMap":{"0":{"start":{"line":63,"column":45},"end":{"line":63,"column":68}},"1":{"start":{"line":64,"column":35},"end":{"line":64,"column":47}},"2":{"start":{"line":65,"column":40},"end":{"line":65,"column":53}},"3":{"start":{"line":66,"column":38},"end":{"line":66,"column":67}},"4":{"start":{"line":72,"column":41},"end":{"line":72,"column":43}},"5":{"start":{"line":73,"column":38},"end":{"line":73,"column":43}},"6":{"start":{"line":74,"column":31},"end":{"line":74,"column":47}},"7":{"start":{"line":77,"column":8},"end":{"line":77,"column":21}},"8":{"start":{"line":78,"column":8},"end":{"line":78,"column":24}},"9":{"start":{"line":79,"column":8},"end":{"line":79,"column":28}},"10":{"start":{"line":80,"column":8},"end":{"line":80,"column":24}},"11":{"start":{"line":81,"column":8},"end":{"line":81,"column":38}},"12":{"start":{"line":82,"column":8},"end":{"line":82,"column":46}},"13":{"start":{"line":84,"column":8},"end":{"line":91,"column":10}},"14":{"start":{"line":85,"column":49},"end":{"line":89,"column":13}},"15":{"start":{"line":90,"column":12},"end":{"line":90,"column":27}},"16":{"start":{"line":93,"column":47},"end":{"line":97,"column":9}},"17":{"start":{"line":99,"column":8},"end":{"line":99,"column":39}},"18":{"start":{"line":103,"column":20},"end":{"line":103,"column":45}},"19":{"start":{"line":103,"column":26},"end":{"line":103,"column":45}},"20":{"start":{"line":105,"column":14},"end":{"line":118,"column":5}},"21":{"start":{"line":107,"column":8},"end":{"line":113,"column":9}},"22":{"start":{"line":108,"column":12},"end":{"line":108,"column":32}},"23":{"start":{"line":109,"column":12},"end":{"line":109,"column":46}},"24":{"start":{"line":112,"column":12},"end":{"line":112,"column":47}},"25":{"start":{"line":115,"column":8},"end":{"line":115,"column":46}},"26":{"start":{"line":116,"column":8},"end":{"line":116,"column":35}},"27":{"start":{"line":117,"column":8},"end":{"line":117,"column":19}},"28":{"start":{"line":120,"column":16},"end":{"line":126,"column":5}},"29":{"start":{"line":121,"column":8},"end":{"line":123,"column":23}},"30":{"start":{"line":125,"column":8},"end":{"line":125,"column":35}},"31":{"start":{"line":128,"column":15},"end":{"line":132,"column":5}},"32":{"start":{"line":129,"column":8},"end":{"line":129,"column":22}},"33":{"start":{"line":130,"column":8},"end":{"line":130,"column":35}},"34":{"start":{"line":131,"column":8},"end":{"line":131,"column":19}},"35":{"start":{"line":134,"column":14},"end":{"line":137,"column":5}},"36":{"start":{"line":135,"column":8},"end":{"line":135,"column":58}},"37":{"start":{"line":136,"column":8},"end":{"line":136,"column":19}},"38":{"start":{"line":139,"column":15},"end":{"line":157,"column":5}},"39":{"start":{"line":140,"column":32},"end":{"line":140,"column":34}},"40":{"start":{"line":141,"column":27},"end":{"line":141,"column":32}},"41":{"start":{"line":142,"column":8},"end":{"line":152,"column":9}},"42":{"start":{"line":142,"column":18},"end":{"line":142,"column":19}},"43":{"start":{"line":143,"column":28},"end":{"line":143,"column":49}},"44":{"start":{"line":144,"column":12},"end":{"line":151,"column":13}},"45":{"start":{"line":145,"column":16},"end":{"line":145,"column":41}},"46":{"start":{"line":148,"column":16},"end":{"line":148,"column":85}},"47":{"start":{"line":149,"column":16},"end":{"line":149,"column":26}},"48":{"start":{"line":150,"column":16},"end":{"line":150,"column":21}},"49":{"start":{"line":154,"column":8},"end":{"line":154,"column":45}},"50":{"start":{"line":155,"column":8},"end":{"line":155,"column":34}},"51":{"start":{"line":156,"column":8},"end":{"line":156,"column":19}},"52":{"start":{"line":159,"column":16},"end":{"line":173,"column":5}},"53":{"start":{"line":160,"column":8},"end":{"line":163,"column":9}},"54":{"start":{"line":161,"column":12},"end":{"line":161,"column":52}},"55":{"start":{"line":162,"column":12},"end":{"line":162,"column":23}},"56":{"start":{"line":166,"column":30},"end":{"line":166,"column":49}},"57":{"start":{"line":167,"column":8},"end":{"line":170,"column":9}},"58":{"start":{"line":169,"column":12},"end":{"line":169,"column":32}},"59":{"start":{"line":172,"column":8},"end":{"line":172,"column":19}},"60":{"start":{"line":176,"column":30},"end":{"line":190,"column":5}},"61":{"start":{"line":178,"column":8},"end":{"line":189,"column":10}},"62":{"start":{"line":179,"column":12},"end":{"line":184,"column":13}},"63":{"start":{"line":180,"column":16},"end":{"line":180,"column":59}},"64":{"start":{"line":183,"column":16},"end":{"line":183,"column":60}},"65":{"start":{"line":185,"column":12},"end":{"line":185,"column":23}},"66":{"start":{"line":187,"column":12},"end":{"line":187,"column":27}},"67":{"start":{"line":188,"column":12},"end":{"line":188,"column":24}},"68":{"start":{"line":193,"column":23},"end":{"line":209,"column":5}},"69":{"start":{"line":194,"column":40},"end":{"line":194,"column":45}},"70":{"start":{"line":195,"column":8},"end":{"line":201,"column":9}},"71":{"start":{"line":195,"column":18},"end":{"line":195,"column":19}},"72":{"start":{"line":196,"column":20},"end":{"line":196,"column":56}},"73":{"start":{"line":197,"column":12},"end":{"line":197,"column":61}},"74":{"start":{"line":198,"column":12},"end":{"line":200,"column":13}},"75":{"start":{"line":199,"column":16},"end":{"line":199,"column":22}},"76":{"start":{"line":203,"column":8},"end":{"line":205,"column":9}},"77":{"start":{"line":204,"column":12},"end":{"line":204,"column":24}},"78":{"start":{"line":208,"column":8},"end":{"line":208,"column":60}},"79":{"start":{"line":212,"column":29},"end":{"line":222,"column":5}},"80":{"start":{"line":213,"column":8},"end":{"line":221,"column":9}},"81":{"start":{"line":214,"column":12},"end":{"line":214,"column":31}},"82":{"start":{"line":217,"column":12},"end":{"line":217,"column":72}},"83":{"start":{"line":218,"column":12},"end":{"line":220,"column":13}},"84":{"start":{"line":219,"column":16},"end":{"line":219,"column":31}},"85":{"start":{"line":224,"column":19},"end":{"line":226,"column":5}},"86":{"start":{"line":225,"column":8},"end":{"line":225,"column":29}},"87":{"start":{"line":228,"column":22},"end":{"line":237,"column":5}},"88":{"start":{"line":229,"column":8},"end":{"line":235,"column":9}},"89":{"start":{"line":230,"column":12},"end":{"line":230,"column":60}},"90":{"start":{"line":231,"column":12},"end":{"line":231,"column":23}},"91":{"start":{"line":234,"column":12},"end":{"line":234,"column":58}},"92":{"start":{"line":236,"column":8},"end":{"line":236,"column":19}},"93":{"start":{"line":239,"column":22},"end":{"line":241,"column":5}},"94":{"start":{"line":240,"column":8},"end":{"line":240,"column":68}},"95":{"start":{"line":244,"column":25},"end":{"line":246,"column":5}},"96":{"start":{"line":245,"column":8},"end":{"line":245,"column":125}},"97":{"start":{"line":245,"column":49},"end":{"line":245,"column":124}},"98":{"start":{"line":248,"column":24},"end":{"line":250,"column":5}},"99":{"start":{"line":249,"column":8},"end":{"line":249,"column":80}},"100":{"start":{"line":249,"column":48},"end":{"line":249,"column":79}},"101":{"start":{"line":253,"column":26},"end":{"line":261,"column":5}},"102":{"start":{"line":254,"column":22},"end":{"line":254,"column":46}},"103":{"start":{"line":255,"column":8},"end":{"line":260,"column":9}},"104":{"start":{"line":256,"column":12},"end":{"line":256,"column":38}},"105":{"start":{"line":259,"column":12},"end":{"line":259,"column":23}},"106":{"start":{"line":263,"column":28},"end":{"line":276,"column":5}},"107":{"start":{"line":264,"column":32},"end":{"line":264,"column":43}},"108":{"start":{"line":265,"column":27},"end":{"line":265,"column":54}},"109":{"start":{"line":266,"column":8},"end":{"line":269,"column":9}},"110":{"start":{"line":267,"column":12},"end":{"line":267,"column":115}},"111":{"start":{"line":268,"column":12},"end":{"line":268,"column":24}},"112":{"start":{"line":271,"column":8},"end":{"line":273,"column":9}},"113":{"start":{"line":272,"column":12},"end":{"line":272,"column":24}},"114":{"start":{"line":275,"column":8},"end":{"line":275,"column":19}},"115":{"start":{"line":279,"column":8},"end":{"line":279,"column":27}},"116":{"start":{"line":283,"column":8},"end":{"line":283,"column":34}},"117":{"start":{"line":287,"column":25},"end":{"line":287,"column":26}},"118":{"start":{"line":288,"column":8},"end":{"line":288,"column":60}},"119":{"start":{"line":288,"column":30},"end":{"line":288,"column":58}},"120":{"start":{"line":289,"column":8},"end":{"line":289,"column":25}},"121":{"start":{"line":293,"column":8},"end":{"line":299,"column":9}},"122":{"start":{"line":294,"column":12},"end":{"line":294,"column":99}},"123":{"start":{"line":295,"column":12},"end":{"line":295,"column":24}},"124":{"start":{"line":298,"column":12},"end":{"line":298,"column":23}},"125":{"start":{"line":303,"column":8},"end":{"line":303,"column":64}},"126":{"start":{"line":303,"column":35},"end":{"line":303,"column":62}},"127":{"start":{"line":306,"column":16},"end":{"line":310,"column":5}},"128":{"start":{"line":308,"column":8},"end":{"line":308,"column":41}},"129":{"start":{"line":309,"column":8},"end":{"line":309,"column":33}},"130":{"start":{"line":312,"column":19},"end":{"line":314,"column":5}},"131":{"start":{"line":316,"column":14},"end":{"line":318,"column":5}},"132":{"start":{"line":317,"column":8},"end":{"line":317,"column":24}},"133":{"start":{"line":320,"column":18},"end":{"line":322,"column":5}},"134":{"start":{"line":321,"column":8},"end":{"line":321,"column":30}},"135":{"start":{"line":324,"column":15},"end":{"line":326,"column":5}},"136":{"start":{"line":325,"column":8},"end":{"line":325,"column":24}},"137":{"start":{"line":328,"column":16},"end":{"line":330,"column":5}},"138":{"start":{"line":329,"column":8},"end":{"line":329,"column":26}},"139":{"start":{"line":332,"column":16},"end":{"line":334,"column":5}},"140":{"start":{"line":333,"column":8},"end":{"line":333,"column":26}},"141":{"start":{"line":362,"column":8},"end":{"line":362,"column":36}},"142":{"start":{"line":366,"column":8},"end":{"line":366,"column":34}},"143":{"start":{"line":370,"column":26},"end":{"line":370,"column":58}},"144":{"start":{"line":371,"column":8},"end":{"line":373,"column":9}},"145":{"start":{"line":372,"column":12},"end":{"line":372,"column":76}},"146":{"start":{"line":374,"column":8},"end":{"line":374,"column":24}},"147":{"start":{"line":390,"column":27},"end":{"line":390,"column":47}},"148":{"start":{"line":391,"column":8},"end":{"line":396,"column":9}},"149":{"start":{"line":392,"column":12},"end":{"line":392,"column":43}},"150":{"start":{"line":398,"column":8},"end":{"line":398,"column":51}},"151":{"start":{"line":402,"column":8},"end":{"line":404,"column":9}},"152":{"start":{"line":403,"column":12},"end":{"line":403,"column":24}},"153":{"start":{"line":406,"column":24},"end":{"line":406,"column":43}},"154":{"start":{"line":407,"column":8},"end":{"line":425,"column":9}},"155":{"start":{"line":409,"column":27},"end":{"line":409,"column":100}},"156":{"start":{"line":410,"column":12},"end":{"line":424,"column":13}},"157":{"start":{"line":411,"column":16},"end":{"line":419,"column":17}},"158":{"start":{"line":412,"column":20},"end":{"line":412,"column":61}},"159":{"start":{"line":413,"column":20},"end":{"line":413,"column":63}},"160":{"start":{"line":414,"column":20},"end":{"line":414,"column":31}},"161":{"start":{"line":417,"column":20},"end":{"line":417,"column":74}},"162":{"start":{"line":418,"column":20},"end":{"line":418,"column":32}},"163":{"start":{"line":422,"column":16},"end":{"line":422,"column":67}},"164":{"start":{"line":423,"column":16},"end":{"line":423,"column":28}},"165":{"start":{"line":427,"column":8},"end":{"line":427,"column":20}},"166":{"start":{"line":431,"column":8},"end":{"line":431,"column":20}},"167":{"start":{"line":434,"column":16},"end":{"line":436,"column":5}},"168":{"start":{"line":435,"column":8},"end":{"line":435,"column":48}},"169":{"start":{"line":438,"column":27},"end":{"line":440,"column":5}},"170":{"start":{"line":439,"column":8},"end":{"line":439,"column":122}},"171":{"start":{"line":442,"column":16},"end":{"line":444,"column":5}},"172":{"start":{"line":443,"column":8},"end":{"line":443,"column":48}},"173":{"start":{"line":446,"column":27},"end":{"line":446,"column":92}},"174":{"start":{"line":446,"column":33},"end":{"line":446,"column":92}},"175":{"start":{"line":448,"column":24},"end":{"line":456,"column":5}},"176":{"start":{"line":449,"column":20},"end":{"line":449,"column":84}},"177":{"start":{"line":449,"column":64},"end":{"line":449,"column":83}},"178":{"start":{"line":450,"column":8},"end":{"line":455,"column":9}},"179":{"start":{"line":451,"column":12},"end":{"line":451,"column":36}},"180":{"start":{"line":454,"column":12},"end":{"line":454,"column":23}},"181":{"start":{"line":458,"column":15},"end":{"line":496,"column":5}},"182":{"start":{"line":459,"column":26},"end":{"line":459,"column":49}},"183":{"start":{"line":460,"column":27},"end":{"line":460,"column":51}},"184":{"start":{"line":461,"column":21},"end":{"line":461,"column":47}},"185":{"start":{"line":462,"column":8},"end":{"line":464,"column":9}},"186":{"start":{"line":463,"column":12},"end":{"line":463,"column":24}},"187":{"start":{"line":466,"column":8},"end":{"line":468,"column":9}},"188":{"start":{"line":467,"column":12},"end":{"line":467,"column":24}},"189":{"start":{"line":471,"column":8},"end":{"line":473,"column":9}},"190":{"start":{"line":472,"column":12},"end":{"line":472,"column":46}},"191":{"start":{"line":475,"column":8},"end":{"line":495,"column":9}},"192":{"start":{"line":477,"column":12},"end":{"line":477,"column":31}},"193":{"start":{"line":485,"column":12},"end":{"line":492,"column":13}},"194":{"start":{"line":486,"column":16},"end":{"line":491,"column":17}},"195":{"start":{"line":487,"column":20},"end":{"line":487,"column":68}},"196":{"start":{"line":490,"column":20},"end":{"line":490,"column":31}},"197":{"start":{"line":494,"column":12},"end":{"line":494,"column":24}},"198":{"start":{"line":498,"column":19},"end":{"line":500,"column":5}},"199":{"start":{"line":499,"column":8},"end":{"line":499,"column":20}},"200":{"start":{"line":502,"column":20},"end":{"line":514,"column":5}},"201":{"start":{"line":503,"column":21},"end":{"line":503,"column":47}},"202":{"start":{"line":504,"column":8},"end":{"line":506,"column":9}},"203":{"start":{"line":505,"column":12},"end":{"line":505,"column":24}},"204":{"start":{"line":507,"column":8},"end":{"line":513,"column":9}},"205":{"start":{"line":508,"column":12},"end":{"line":508,"column":36}},"206":{"start":{"line":511,"column":33},"end":{"line":511,"column":52}},"207":{"start":{"line":512,"column":12},"end":{"line":512,"column":89}},"208":{"start":{"line":516,"column":19},"end":{"line":525,"column":5}},"209":{"start":{"line":517,"column":21},"end":{"line":517,"column":48}},"210":{"start":{"line":518,"column":8},"end":{"line":524,"column":9}},"211":{"start":{"line":519,"column":12},"end":{"line":519,"column":39}},"212":{"start":{"line":522,"column":12},"end":{"line":522,"column":50}},"213":{"start":{"line":523,"column":12},"end":{"line":523,"column":24}},"214":{"start":{"line":527,"column":19},"end":{"line":529,"column":5}},"215":{"start":{"line":528,"column":8},"end":{"line":528,"column":51}},"216":{"start":{"line":531,"column":19},"end":{"line":533,"column":5}},"217":{"start":{"line":532,"column":8},"end":{"line":532,"column":118}}},"fnMap":{"0":{"name":"(anonymous_0)","decl":{"start":{"line":76,"column":4},"end":{"line":76,"column":5}},"loc":{"start":{"line":76,"column":158},"end":{"line":100,"column":5}},"line":76},"1":{"name":"(anonymous_1)","decl":{"start":{"line":84,"column":67},"end":{"line":84,"column":68}},"loc":{"start":{"line":84,"column":77},"end":{"line":91,"column":9}},"line":84},"2":{"name":"(anonymous_2)","decl":{"start":{"line":103,"column":20},"end":{"line":103,"column":21}},"loc":{"start":{"line":103,"column":26},"end":{"line":103,"column":45}},"line":103},"3":{"name":"(anonymous_3)","decl":{"start":{"line":105,"column":14},"end":{"line":105,"column":15}},"loc":{"start":{"line":105,"column":54},"end":{"line":118,"column":5}},"line":105},"4":{"name":"(anonymous_4)","decl":{"start":{"line":120,"column":16},"end":{"line":120,"column":17}},"loc":{"start":{"line":120,"column":56},"end":{"line":126,"column":5}},"line":120},"5":{"name":"(anonymous_5)","decl":{"start":{"line":128,"column":15},"end":{"line":128,"column":16}},"loc":{"start":{"line":128,"column":21},"end":{"line":132,"column":5}},"line":128},"6":{"name":"(anonymous_6)","decl":{"start":{"line":134,"column":14},"end":{"line":134,"column":15}},"loc":{"start":{"line":134,"column":20},"end":{"line":137,"column":5}},"line":134},"7":{"name":"(anonymous_7)","decl":{"start":{"line":139,"column":15},"end":{"line":139,"column":16}},"loc":{"start":{"line":139,"column":36},"end":{"line":157,"column":5}},"line":139},"8":{"name":"(anonymous_8)","decl":{"start":{"line":159,"column":16},"end":{"line":159,"column":17}},"loc":{"start":{"line":159,"column":22},"end":{"line":173,"column":5}},"line":159},"9":{"name":"(anonymous_9)","decl":{"start":{"line":176,"column":30},"end":{"line":176,"column":31}},"loc":{"start":{"line":176,"column":75},"end":{"line":190,"column":5}},"line":176},"10":{"name":"(anonymous_10)","decl":{"start":{"line":178,"column":58},"end":{"line":178,"column":59}},"loc":{"start":{"line":178,"column":74},"end":{"line":186,"column":9}},"line":178},"11":{"name":"(anonymous_11)","decl":{"start":{"line":186,"column":11},"end":{"line":186,"column":12}},"loc":{"start":{"line":186,"column":17},"end":{"line":189,"column":9}},"line":186},"12":{"name":"(anonymous_12)","decl":{"start":{"line":193,"column":23},"end":{"line":193,"column":24}},"loc":{"start":{"line":193,"column":43},"end":{"line":209,"column":5}},"line":193},"13":{"name":"(anonymous_13)","decl":{"start":{"line":212,"column":29},"end":{"line":212,"column":30}},"loc":{"start":{"line":212,"column":93},"end":{"line":222,"column":5}},"line":212},"14":{"name":"(anonymous_14)","decl":{"start":{"line":224,"column":19},"end":{"line":224,"column":20}},"loc":{"start":{"line":224,"column":25},"end":{"line":226,"column":5}},"line":224},"15":{"name":"(anonymous_15)","decl":{"start":{"line":228,"column":22},"end":{"line":228,"column":23}},"loc":{"start":{"line":228,"column":70},"end":{"line":237,"column":5}},"line":228},"16":{"name":"(anonymous_16)","decl":{"start":{"line":239,"column":22},"end":{"line":239,"column":23}},"loc":{"start":{"line":239,"column":39},"end":{"line":241,"column":5}},"line":239},"17":{"name":"(anonymous_17)","decl":{"start":{"line":244,"column":25},"end":{"line":244,"column":26}},"loc":{"start":{"line":244,"column":31},"end":{"line":246,"column":5}},"line":244},"18":{"name":"(anonymous_18)","decl":{"start":{"line":245,"column":43},"end":{"line":245,"column":44}},"loc":{"start":{"line":245,"column":49},"end":{"line":245,"column":124}},"line":245},"19":{"name":"(anonymous_19)","decl":{"start":{"line":248,"column":24},"end":{"line":248,"column":25}},"loc":{"start":{"line":248,"column":30},"end":{"line":250,"column":5}},"line":248},"20":{"name":"(anonymous_20)","decl":{"start":{"line":249,"column":42},"end":{"line":249,"column":43}},"loc":{"start":{"line":249,"column":48},"end":{"line":249,"column":79}},"line":249},"21":{"name":"(anonymous_21)","decl":{"start":{"line":253,"column":26},"end":{"line":253,"column":27}},"loc":{"start":{"line":253,"column":32},"end":{"line":261,"column":5}},"line":253},"22":{"name":"(anonymous_22)","decl":{"start":{"line":263,"column":28},"end":{"line":263,"column":29}},"loc":{"start":{"line":263,"column":60},"end":{"line":276,"column":5}},"line":263},"23":{"name":"(anonymous_23)","decl":{"start":{"line":278,"column":4},"end":{"line":278,"column":5}},"loc":{"start":{"line":278,"column":17},"end":{"line":280,"column":5}},"line":278},"24":{"name":"(anonymous_24)","decl":{"start":{"line":282,"column":4},"end":{"line":282,"column":5}},"loc":{"start":{"line":282,"column":22},"end":{"line":284,"column":5}},"line":282},"25":{"name":"(anonymous_25)","decl":{"start":{"line":286,"column":4},"end":{"line":286,"column":5}},"loc":{"start":{"line":286,"column":61},"end":{"line":290,"column":5}},"line":286},"26":{"name":"(anonymous_26)","decl":{"start":{"line":288,"column":25},"end":{"line":288,"column":26}},"loc":{"start":{"line":288,"column":30},"end":{"line":288,"column":58}},"line":288},"27":{"name":"(anonymous_27)","decl":{"start":{"line":292,"column":4},"end":{"line":292,"column":5}},"loc":{"start":{"line":292,"column":49},"end":{"line":300,"column":5}},"line":292},"28":{"name":"(anonymous_28)","decl":{"start":{"line":302,"column":4},"end":{"line":302,"column":5}},"loc":{"start":{"line":302,"column":52},"end":{"line":304,"column":5}},"line":302},"29":{"name":"(anonymous_29)","decl":{"start":{"line":303,"column":30},"end":{"line":303,"column":31}},"loc":{"start":{"line":303,"column":35},"end":{"line":303,"column":62}},"line":303},"30":{"name":"(anonymous_30)","decl":{"start":{"line":306,"column":16},"end":{"line":306,"column":17}},"loc":{"start":{"line":306,"column":58},"end":{"line":310,"column":5}},"line":306},"31":{"name":"(anonymous_31)","decl":{"start":{"line":312,"column":19},"end":{"line":312,"column":20}},"loc":{"start":{"line":312,"column":48},"end":{"line":314,"column":5}},"line":312},"32":{"name":"(anonymous_32)","decl":{"start":{"line":316,"column":14},"end":{"line":316,"column":15}},"loc":{"start":{"line":316,"column":20},"end":{"line":318,"column":5}},"line":316},"33":{"name":"(anonymous_33)","decl":{"start":{"line":320,"column":18},"end":{"line":320,"column":19}},"loc":{"start":{"line":320,"column":24},"end":{"line":322,"column":5}},"line":320},"34":{"name":"(anonymous_34)","decl":{"start":{"line":324,"column":15},"end":{"line":324,"column":16}},"loc":{"start":{"line":324,"column":21},"end":{"line":326,"column":5}},"line":324},"35":{"name":"(anonymous_35)","decl":{"start":{"line":328,"column":16},"end":{"line":328,"column":17}},"loc":{"start":{"line":328,"column":22},"end":{"line":330,"column":5}},"line":328},"36":{"name":"(anonymous_36)","decl":{"start":{"line":332,"column":16},"end":{"line":332,"column":17}},"loc":{"start":{"line":332,"column":22},"end":{"line":334,"column":5}},"line":332},"37":{"name":"(anonymous_37)","decl":{"start":{"line":361,"column":4},"end":{"line":361,"column":5}},"loc":{"start":{"line":361,"column":41},"end":{"line":363,"column":5}},"line":361},"38":{"name":"(anonymous_38)","decl":{"start":{"line":365,"column":4},"end":{"line":365,"column":5}},"loc":{"start":{"line":365,"column":16},"end":{"line":367,"column":5}},"line":365},"39":{"name":"(anonymous_39)","decl":{"start":{"line":369,"column":4},"end":{"line":369,"column":5}},"loc":{"start":{"line":369,"column":11},"end":{"line":375,"column":5}},"line":369},"40":{"name":"(anonymous_40)","decl":{"start":{"line":377,"column":4},"end":{"line":377,"column":5}},"loc":{"start":{"line":377,"column":34},"end":{"line":399,"column":5}},"line":377},"41":{"name":"(anonymous_41)","decl":{"start":{"line":401,"column":4},"end":{"line":401,"column":5}},"loc":{"start":{"line":401,"column":52},"end":{"line":428,"column":5}},"line":401},"42":{"name":"(anonymous_42)","decl":{"start":{"line":430,"column":4},"end":{"line":430,"column":5}},"loc":{"start":{"line":430,"column":40},"end":{"line":432,"column":5}},"line":430},"43":{"name":"(anonymous_43)","decl":{"start":{"line":434,"column":16},"end":{"line":434,"column":17}},"loc":{"start":{"line":434,"column":22},"end":{"line":436,"column":5}},"line":434},"44":{"name":"(anonymous_44)","decl":{"start":{"line":438,"column":27},"end":{"line":438,"column":28}},"loc":{"start":{"line":438,"column":49},"end":{"line":440,"column":5}},"line":438},"45":{"name":"(anonymous_45)","decl":{"start":{"line":442,"column":16},"end":{"line":442,"column":17}},"loc":{"start":{"line":442,"column":22},"end":{"line":444,"column":5}},"line":442},"46":{"name":"(anonymous_46)","decl":{"start":{"line":446,"column":27},"end":{"line":446,"column":28}},"loc":{"start":{"line":446,"column":33},"end":{"line":446,"column":92}},"line":446},"47":{"name":"(anonymous_47)","decl":{"start":{"line":448,"column":24},"end":{"line":448,"column":25}},"loc":{"start":{"line":448,"column":53},"end":{"line":456,"column":5}},"line":448},"48":{"name":"(anonymous_48)","decl":{"start":{"line":449,"column":58},"end":{"line":449,"column":59}},"loc":{"start":{"line":449,"column":64},"end":{"line":449,"column":83}},"line":449},"49":{"name":"(anonymous_49)","decl":{"start":{"line":458,"column":15},"end":{"line":458,"column":16}},"loc":{"start":{"line":458,"column":42},"end":{"line":496,"column":5}},"line":458},"50":{"name":"(anonymous_50)","decl":{"start":{"line":498,"column":19},"end":{"line":498,"column":20}},"loc":{"start":{"line":498,"column":46},"end":{"line":500,"column":5}},"line":498},"51":{"name":"(anonymous_51)","decl":{"start":{"line":502,"column":20},"end":{"line":502,"column":21}},"loc":{"start":{"line":502,"column":47},"end":{"line":514,"column":5}},"line":502},"52":{"name":"(anonymous_52)","decl":{"start":{"line":516,"column":19},"end":{"line":516,"column":20}},"loc":{"start":{"line":516,"column":25},"end":{"line":525,"column":5}},"line":516},"53":{"name":"(anonymous_53)","decl":{"start":{"line":527,"column":19},"end":{"line":527,"column":20}},"loc":{"start":{"line":527,"column":25},"end":{"line":529,"column":5}},"line":527},"54":{"name":"(anonymous_54)","decl":{"start":{"line":531,"column":19},"end":{"line":531,"column":20}},"loc":{"start":{"line":531,"column":25},"end":{"line":533,"column":5}},"line":531}},"branchMap":{"0":{"loc":{"start":{"line":76,"column":47},"end":{"line":76,"column":76}},"type":"default-arg","locations":[{"start":{"line":76,"column":60},"end":{"line":76,"column":76}}],"line":76},"1":{"loc":{"start":{"line":76,"column":78},"end":{"line":76,"column":113}},"type":"default-arg","locations":[{"start":{"line":76,"column":101},"end":{"line":76,"column":113}}],"line":76},"2":{"loc":{"start":{"line":76,"column":115},"end":{"line":76,"column":156}},"type":"default-arg","locations":[{"start":{"line":76,"column":143},"end":{"line":76,"column":156}}],"line":76},"3":{"loc":{"start":{"line":107,"column":8},"end":{"line":113,"column":9}},"type":"if","locations":[{"start":{"line":107,"column":8},"end":{"line":113,"column":9}},{"start":{"line":107,"column":8},"end":{"line":113,"column":9}}],"line":107},"4":{"loc":{"start":{"line":139,"column":16},"end":{"line":139,"column":31}},"type":"default-arg","locations":[{"start":{"line":139,"column":30},"end":{"line":139,"column":31}}],"line":139},"5":{"loc":{"start":{"line":144,"column":12},"end":{"line":151,"column":13}},"type":"if","locations":[{"start":{"line":144,"column":12},"end":{"line":151,"column":13}},{"start":{"line":144,"column":12},"end":{"line":151,"column":13}}],"line":144},"6":{"loc":{"start":{"line":160,"column":8},"end":{"line":163,"column":9}},"type":"if","locations":[{"start":{"line":160,"column":8},"end":{"line":163,"column":9}},{"start":{"line":160,"column":8},"end":{"line":163,"column":9}}],"line":160},"7":{"loc":{"start":{"line":167,"column":8},"end":{"line":170,"column":9}},"type":"if","locations":[{"start":{"line":167,"column":8},"end":{"line":170,"column":9}},{"start":{"line":167,"column":8},"end":{"line":170,"column":9}}],"line":167},"8":{"loc":{"start":{"line":179,"column":12},"end":{"line":184,"column":13}},"type":"if","locations":[{"start":{"line":179,"column":12},"end":{"line":184,"column":13}},{"start":{"line":179,"column":12},"end":{"line":184,"column":13}}],"line":179},"9":{"loc":{"start":{"line":198,"column":12},"end":{"line":200,"column":13}},"type":"if","locations":[{"start":{"line":198,"column":12},"end":{"line":200,"column":13}},{"start":{"line":198,"column":12},"end":{"line":200,"column":13}}],"line":198},"10":{"loc":{"start":{"line":203,"column":8},"end":{"line":205,"column":9}},"type":"if","locations":[{"start":{"line":203,"column":8},"end":{"line":205,"column":9}},{"start":{"line":203,"column":8},"end":{"line":205,"column":9}}],"line":203},"11":{"loc":{"start":{"line":213,"column":8},"end":{"line":221,"column":9}},"type":"if","locations":[{"start":{"line":213,"column":8},"end":{"line":221,"column":9}},{"start":{"line":213,"column":8},"end":{"line":221,"column":9}}],"line":213},"12":{"loc":{"start":{"line":218,"column":12},"end":{"line":220,"column":13}},"type":"if","locations":[{"start":{"line":218,"column":12},"end":{"line":220,"column":13}},{"start":{"line":218,"column":12},"end":{"line":220,"column":13}}],"line":218},"13":{"loc":{"start":{"line":229,"column":8},"end":{"line":235,"column":9}},"type":"if","locations":[{"start":{"line":229,"column":8},"end":{"line":235,"column":9}},{"start":{"line":229,"column":8},"end":{"line":235,"column":9}}],"line":229},"14":{"loc":{"start":{"line":245,"column":49},"end":{"line":245,"column":124}},"type":"binary-expr","locations":[{"start":{"line":245,"column":49},"end":{"line":245,"column":80}},{"start":{"line":245,"column":84},"end":{"line":245,"column":124}}],"line":245},"15":{"loc":{"start":{"line":255,"column":8},"end":{"line":260,"column":9}},"type":"if","locations":[{"start":{"line":255,"column":8},"end":{"line":260,"column":9}},{"start":{"line":255,"column":8},"end":{"line":260,"column":9}}],"line":255},"16":{"loc":{"start":{"line":266,"column":8},"end":{"line":269,"column":9}},"type":"if","locations":[{"start":{"line":266,"column":8},"end":{"line":269,"column":9}},{"start":{"line":266,"column":8},"end":{"line":269,"column":9}}],"line":266},"17":{"loc":{"start":{"line":271,"column":8},"end":{"line":273,"column":9}},"type":"if","locations":[{"start":{"line":271,"column":8},"end":{"line":273,"column":9}},{"start":{"line":271,"column":8},"end":{"line":273,"column":9}}],"line":271},"18":{"loc":{"start":{"line":286,"column":18},"end":{"line":286,"column":59}},"type":"default-arg","locations":[{"start":{"line":286,"column":47},"end":{"line":286,"column":59}}],"line":286},"19":{"loc":{"start":{"line":293,"column":8},"end":{"line":299,"column":9}},"type":"if","locations":[{"start":{"line":293,"column":8},"end":{"line":299,"column":9}},{"start":{"line":293,"column":8},"end":{"line":299,"column":9}}],"line":293},"20":{"loc":{"start":{"line":371,"column":8},"end":{"line":373,"column":9}},"type":"if","locations":[{"start":{"line":371,"column":8},"end":{"line":373,"column":9}},{"start":{"line":371,"column":8},"end":{"line":373,"column":9}}],"line":371},"21":{"loc":{"start":{"line":391,"column":8},"end":{"line":396,"column":9}},"type":"if","locations":[{"start":{"line":391,"column":8},"end":{"line":396,"column":9}},{"start":{"line":391,"column":8},"end":{"line":396,"column":9}}],"line":391},"22":{"loc":{"start":{"line":402,"column":8},"end":{"line":404,"column":9}},"type":"if","locations":[{"start":{"line":402,"column":8},"end":{"line":404,"column":9}},{"start":{"line":402,"column":8},"end":{"line":404,"column":9}}],"line":402},"23":{"loc":{"start":{"line":407,"column":8},"end":{"line":425,"column":9}},"type":"if","locations":[{"start":{"line":407,"column":8},"end":{"line":425,"column":9}},{"start":{"line":407,"column":8},"end":{"line":425,"column":9}}],"line":407},"24":{"loc":{"start":{"line":409,"column":27},"end":{"line":409,"
[...]
55}},"loc":{"start":{"line":411,"column":60},"end":{"line":413,"column":5}},"line":411},"31":{"name":"(anonymous_31)","decl":{"start":{"line":415,"column":17},"end":{"line":415,"column":18}},"loc":{"start":{"line":415,"column":23},"end":{"line":417,"column":5}},"line":415},"32":{"name":"(anonymous_32)","decl":{"start":{"line":419,"column":32},"end":{"line":419,"column":33}},"loc":{"start":{"line":419,"column":38},"end":{"line":421,"column":5}},"line":419},"33":{"name":"(anonymous_33)","decl":{"start":{"line":423,"column":16},"end":{"line":423,"column":17}},"loc":{"start":{"line":423,"column":22},"end":{"line":430,"column":5}},"line":423},"34":{"name":"(anonymous_34)","decl":{"start":{"line":432,"column":21},"end":{"line":432,"column":22}},"loc":{"start":{"line":432,"column":27},"end":{"line":434,"column":5}},"line":432},"35":{"name":"(anonymous_35)","decl":{"start":{"line":436,"column":15},"end":{"line":436,"column":16}},"loc":{"start":{"line":436,"column":21},"end":{"line":438,"column":5}},"line":436},"36":{"name":"(anonymous_36)","decl":{"start":{"line":440,"column":18},"end":{"line":440,"column":19}},"loc":{"start":{"line":440,"column":24},"end":{"line":442,"column":5}},"line":440},"37":{"name":"(anonymous_37)","decl":{"start":{"line":444,"column":30},"end":{"line":444,"column":31}},"loc":{"start":{"line":444,"column":36},"end":{"line":450,"column":5}},"line":444},"38":{"name":"(anonymous_38)","decl":{"start":{"line":446,"column":27},"end":{"line":446,"column":28}},"loc":{"start":{"line":446,"column":34},"end":{"line":448,"column":9}},"line":446},"39":{"name":"(anonymous_39)","decl":{"start":{"line":452,"column":40},"end":{"line":452,"column":41}},"loc":{"start":{"line":452,"column":46},"end":{"line":454,"column":5}},"line":452}},"branchMap":{"0":{"loc":{"start":{"line":75,"column":16},"end":{"line":75,"column":49}},"type":"default-arg","locations":[{"start":{"line":75,"column":35},"end":{"line":75,"column":49}}],"line":75},"1":{"loc":{"start":{"line":77,"column":8},"end":{"line":84,"column":9}},"type":"if","locations":[{"start":{"line":77,"column":8},"end":{"line":84,"column":9}},{"start":{"line":77,"column":8},"end":{"line":84,"column":9}}],"line":77},"2":{"loc":{"start":{"line":87,"column":8},"end":{"line":89,"column":9}},"type":"if","locations":[{"start":{"line":87,"column":8},"end":{"line":89,"column":9}},{"start":{"line":87,"column":8},"end":{"line":89,"column":9}}],"line":87},"3":{"loc":{"start":{"line":91,"column":8},"end":{"line":94,"column":9}},"type":"if","locations":[{"start":{"line":91,"column":8},"end":{"line":94,"column":9}},{"start":{"line":91,"column":8},"end":{"line":94,"column":9}}],"line":91},"4":{"loc":{"start":{"line":108,"column":8},"end":{"line":111,"column":9}},"type":"if","locations":[{"start":{"line":108,"column":8},"end":{"line":111,"column":9}},{"start":{"line":108,"column":8},"end":{"line":111,"column":9}}],"line":108},"5":{"loc":{"start":{"line":113,"column":8},"end":{"line":121,"column":9}},"type":"if","locations":[{"start":{"line":113,"column":8},"end":{"line":121,"column":9}},{"start":{"line":113,"column":8},"end":{"line":121,"column":9}}],"line":113},"6":{"loc":{"start":{"line":139,"column":8},"end":{"line":144,"column":9}},"type":"if","locations":[{"start":{"line":139,"column":8},"end":{"line":144,"column":9}},{"start":{"line":139,"column":8},"end":{"line":144,"column":9}}],"line":139},"7":{"loc":{"start":{"line":140,"column":19},"end":{"line":140,"column":109}},"type":"cond-expr","locations":[{"start":{"line":140,"column":57},"end":{"line":140,"column":78}},{"start":{"line":140,"column":81},"end":{"line":140,"column":109}}],"line":140},"8":{"loc":{"start":{"line":151,"column":8},"end":{"line":156,"column":9}},"type":"if","locations":[{"start":{"line":151,"column":8},"end":{"line":156,"column":9}},{"start":{"line":151,"column":8},"end":{"line":156,"column":9}}],"line":151},"9":{"loc":{"start":{"line":166,"column":8},"end":{"line":180,"column":9}},"type":"if","locations":[{"start":{"line":166,"column":8},"end":{"line":180,"column":9}},{"start":{"line":166,"column":8},"end":{"line":180,"column":9}}],"line":166},"10":{"loc":{"start":{"line":167,"column":12},"end":{"line":175,"column":13}},"type":"if","locations":[{"start":{"line":167,"column":12},"end":{"line":175,"column":13}},{"start":{"line":167,"column":12},"end":{"line":175,"column":13}}],"line":167},"11":{"loc":{"start":{"line":188,"column":8},"end":{"line":190,"column":9}},"type":"if","locations":[{"start":{"line":188,"column":8},"end":{"line":190,"column":9}},{"start":{"line":188,"column":8},"end":{"line":190,"column":9}}],"line":188},"12":{"loc":{"start":{"line":188,"column":12},"end":{"line":188,"column":84}},"type":"binary-expr","locations":[{"start":{"line":188,"column":12},"end":{"line":188,"column":26}},{"start":{"line":188,"column":30},"end":{"line":188,"column":84}}],"line":188},"13":{"loc":{"start":{"line":195,"column":8},"end":{"line":197,"column":9}},"type":"if","locations":[{"start":{"line":195,"column":8},"end":{"line":197,"column":9}},{"start":{"line":195,"column":8},"end":{"line":197,"column":9}}],"line":195},"14":{"loc":{"start":{"line":195,"column":12},"end":{"line":195,"column":84}},"type":"binary-expr","locations":[{"start":{"line":195,"column":12},"end":{"line":195,"column":26}},{"start":{"line":195,"column":30},"end":{"line":195,"column":84}}],"line":195},"15":{"loc":{"start":{"line":202,"column":8},"end":{"line":204,"column":9}},"type":"if","locations":[{"start":{"line":202,"column":8},"end":{"line":204,"column":9}},{"start":{"line":202,"column":8},"end":{"line":204,"column":9}}],"line":202},"16":{"loc":{"start":{"line":202,"column":12},"end":{"line":202,"column":89}},"type":"binary-expr","locations":[{"start":{"line":202,"column":12},"end":{"line":202,"column":26}},{"start":{"line":202,"column":30},"end":{"line":202,"column":89}}],"line":202},"17":{"loc":{"start":{"line":210,"column":8},"end":{"line":212,"column":9}},"type":"if","locations":[{"start":{"line":210,"column":8},"end":{"line":212,"column":9}},{"start":{"line":210,"column":8},"end":{"line":212,"column":9}}],"line":210},"18":{"loc":{"start":{"line":210,"column":12},"end":{"line":210,"column":72}},"type":"binary-expr","locations":[{"start":{"line":210,"column":12},"end":{"line":210,"column":26}},{"start":{"line":210,"column":30},"end":{"line":210,"column":72}}],"line":210},"19":{"loc":{"start":{"line":253,"column":8},"end":{"line":258,"column":9}},"type":"if","locations":[{"start":{"line":253,"column":8},"end":{"line":258,"column":9}},{"start":{"line":253,"column":8},"end":{"line":258,"column":9}}],"line":253},"20":{"loc":{"start":{"line":255,"column":12},"end":{"line":257,"column":13}},"type":"if","locations":[{"start":{"line":255,"column":12},"end":{"line":257,"column":13}},{"start":{"line":255,"column":12},"end":{"line":257,"column":13}}],"line":255},"21":{"loc":{"start":{"line":263,"column":8},"end":{"line":270,"column":9}},"type":"if","locations":[{"start":{"line":263,"column":8},"end":{"line":270,"column":9}},{"start":{"line":263,"column":8},"end":{"line":270,"column":9}}],"line":263},"22":{"loc":{"start":{"line":265,"column":12},"end":{"line":269,"column":13}},"type":"if","locations":[{"start":{"line":265,"column":12},"end":{"line":269,"column":13}},{"start":{"line":265,"column":12},"end":{"line":269,"column":13}}],"line":265},"23":{"loc":{"start":{"line":275,"column":8},"end":{"line":278,"column":9}},"type":"if","locations":[{"start":{"line":275,"column":8},"end":{"line":278,"column":9}},{"start":{"line":275,"column":8},"end":{"line":278,"column":9}}],"line":275},"24":{"loc":{"start":{"line":291,"column":8},"end":{"line":296,"column":9}},"type":"if","locations":[{"start":{"line":291,"column":8},"end":{"line":296,"column":9}},{"start":{"line":291,"column":8},"end":{"line":296,"column":9}}],"line":291},"25":{"loc":{"start":{"line":300,"column":20},"end":{"line":300,"column":67}},"type":"cond-expr","locations":[{"start":{"line":300,"column":37},"end":{"line":300,"column":63}},{"start":{"line":300,"column":66},"end":{"line":300,"column":67}}],"line":300},"26":{"loc":{"start":{"line":305,"column":20},"end":{"line":305,"column":67}},"type":"cond-expr","locations":[{"start":{"line":305,"column":37},"end":{"line":305,"column":63}},{"start":{"line":305,"column":66},"end":{"line":305,"column":67}}],"line":305},"27":{"loc":{"start":{"line":315,"column":8},"end":{"line":318,"column":9}},"type":"if","locations":[{"start":{"line":315,"column":8},"end":{"line":318,"column":9}},{"start":{"line":315,"column":8},"end":{"line":318,"column":9}}],"line":315},"28":{"loc":{"start":{"line":323,"column":8},"end":{"line":326,"column":9}},"type":"if","locations":[{"start":{"line":323,"column":8},"end":{"line":326,"column":9}},{"start":{"line":323,"column":8},"end":{"line":326,"column":9}}],"line":323},"29":{"loc":{"start":{"line":323,"column":12},"end":{"line":323,"column":67}},"type":"binary-expr","locations":[{"start":{"line":323,"column":12},"end":{"line":323,"column":27}},{"start":{"line":323,"column":31},"end":{"line":323,"column":67}}],"line":323},"30":{"loc":{"start":{"line":331,"column":8},"end":{"line":337,"column":9}},"type":"if","locations":[{"start":{"line":331,"column":8},"end":{"line":337,"column":9}},{"start":{"line":331,"column":8},"end":{"line":337,"column":9}}],"line":331},"31":{"loc":{"start":{"line":339,"column":8},"end":{"line":344,"column":9}},"type":"if","locations":[{"start":{"line":339,"column":8},"end":{"line":344,"column":9}},{"start":{"line":339,"column":8},"end":{"line":344,"column":9}}],"line":339},"32":{"loc":{"start":{"line":358,"column":8},"end":{"line":361,"column":9}},"type":"if","locations":[{"start":{"line":358,"column":8},"end":{"line":361,"column":9}},{"start":{"line":358,"column":8},"end":{"line":361,"column":9}}],"line":358},"33":{"loc":{"start":{"line":368,"column":8},"end":{"line":400,"column":9}},"type":"if","locations":[{"start":{"line":368,"column":8},"end":{"line":400,"column":9}},{"start":{"line":368,"column":8},"end":{"line":400,"column":9}}],"line":368},"34":{"loc":{"start":{"line":369,"column":12},"end":{"line":382,"column":13}},"type":"if","locations":[{"start":{"line":369,"column":12},"end":{"line":382,"column":13}},{"start":{"line":369,"column":12},"end":{"line":382,"column":13}}],"line":369},"35":{"loc":{"start":{"line":372,"column":16},"end":{"line":378,"column":17}},"type":"if","locations":[{"start":{"line":372,"column":16},"end":{"line":378,"column":17}},{"start":{"line":372,"column":16},"end":{"line":378,"column":17}}],"line":372},"36":{"loc":{"start":{"line":385,"column":13},"end":{"line":400,"column":9}},"type":"if","locations":[{"start":{"line":385,"column":13},"end":{"line":400,"column":9}},{"start":{"line":385,"column":13},"end":{"line":400,"column":9}}],"line":385},"37":{"loc":{"start":{"line":386,"column":12},"end":{"line":393,"column":13}},"type":"if","locations":[{"start":{"line":386,"column":12},"end":{"line":393,"column":13}},{"start":{"line":386,"column":12},"end":{"line":393,"column":13}}],"line":386},"38":{"loc":{"start":{"line":424,"column":8},"end":{"line":429,"column":9}},"type":"if","locations":[{"start":{"line":424,"column":8},"end":{"line":429,"column":9}},{"start":{"line":424,"column":8},"end":{"line":429,"column":9}}],"line":424},"39":{"loc":{"start":{"line":453,"column":15},"end":{"line":453,"column":77}},"type":"cond-expr","locations":[{"start":{"line":453,"column":32},"end":{"line":453,"column":70}},{"start":{"line":453,"column":73},"end":{"line":453,"column":77}}],"line":453}},"s":{"0":91,"1":91,"2":91,"3":91,"4":0,"5":0,"6":91,"7":91,"8":91,"9":91,"10":8,"11":91,"12":0,"13":0,"14":91,"15":0,"16":91,"17":0,"18":0,"19":91,"20":41,"21":0,"22":0,"23":41,"24":37,"25":37,"26":37,"27":4,"28":4,"29":91,"30":23,"31":91,"32":120,"33":120,"34":91,"35":47,"36":47,"37":91,"38":19,"39":19,"40":0,"41":91,"42":0,"43":0,"44":0,"45":91,"46":43,"47":43,"48":91,"49":0,"50":0,"51":0,"52":0,"53":0,"54":0,"55":0,"56":0,"57":0,"58":91,"59":0,"60":91,"61":0,"62":0,"63":0,"64":91,"65":0,"66":0,"67":0,"68":91,"69":0,"70":0,"71":0,"72":91,"73":0,"74":0,"75":0,"76":91,"77":0,"78":91,"79":0,"80":0,"81":0,"82":0,"83":0,"84":91,"85":0,"86":0,"87":0,"88":0,"89":0,"90":0,"91":0,"92":91,"93":0,"94":0,"95":0,"96":91,"97":0,"98":91,"99":0,"100":91,"101":0,"102":0,"103":0,"104":91,"105":0,"106":0,"107":91,"108":0,"109":0,"110":91,"111":3,"112":91,"113":9,"114":0,"115":0,"116":9,"117":9,"118":0,"119":0,"120":9,"121":9,"122":9,"123":1,"124":1,"125":8,"126":1,"127":1,"128":7,"129":7,"130":7,"131":7,"132":91,"133":3,"134":91,"135":68,"136":0,"137":0,"138":68,"139":68,"140":68,"141":68,"142":16,"143":13,"144":13,"145":13,"146":13,"147":0,"148":3,"149":52,"150":8,"151":5,"152":5,"153":5,"154":3,"155":44,"156":44,"157":44,"158":68,"159":91,"160":0,"161":91,"162":0,"163":91,"164":223,"165":91,"166":88,"167":91,"168":12,"169":12,"170":0,"171":91,"172":32,"173":91,"174":0,"175":91,"176":0,"177":91,"178":72,"179":72,"180":106,"181":72,"182":91,"183":1},"f":{"0":91,"1":0,"2":0,"3":41,"4":23,"5":120,"6":47,"7":19,"8":0,"9":43,"10":0,"11":0,"12":0,"13":0,"14":0,"15":0,"16":0,"17":0,"18":0,"19":0,"20":0,"21":0,"22":0,"23":0,"24":0,"25":3,"26":9,"27":3,"28":68,"29":0,"30":0,"31":223,"32":88,"33":12,"34":32,"35":0,"36":0,"37":72,"38":106,"39":1},"b":{"0":[0],"1":[0,91],"2":[8,83],"3":[0,91],"4":[0,41],"5":[37,4],"6":[19,0],"7":[0,19],"8":[0,0],"9":[0,0],"10":[0,0],"11":[0,0],"12":[0,0],"13":[0,0],"14":[0,0],"15":[0,0],"16":[0,0],"17":[0,0],"18":[0,0],"19":[0,0],"20":[0,0],"21":[0,0],"22":[0,0],"23":[0,0],"24":[0,0],"25":[0,0],"26":[0,0],"27":[0,9],"28":[0,9],"29":[9,6],"30":[1,8],"31":[1,7],"32":[0,68],"33":[16,52],"34":[13,3],"35":[13,0],"36":[8,44],"37":[5,3],"38":[12,0],"39":[1,0]},"_coverageSchema":"1a1c01bbd47fc00a2c39e90264f33305004495a9","hash":"24431122c38f4db507b051a4121e0eaebbee3e39"}
,"C:\\Users\\frank\\Desktop\\21Simulation\\app\\src\\model\\Statistics.ts": {"path":"C:\\Users\\frank\\Desktop\\21Simulation\\app\\src\\model\\Statistics.ts","statementMap":{"0":{"start":{"line":39,"column":34},"end":{"line":60,"column":5}},"1":{"start":{"line":62,"column":12},"end":{"line":81,"column":5}},"2":{"start":{"line":64,"column":32},"end":{"line":64,"column":59}},"3":{"start":{"line":65,"column":8},"end":{"line":79,"column":9}},"4":{"start":{"line":66,"column":12},"end":{"line":66,"column":47}},"5":{"start":{"line":68,"column":13},"end":{"line":79,"column":9}},"6":{"start":{"line":69,"column":12},"end":{"line":69,"column":48}},"7":{"start":{"line":71,"column":13},"end":{"line":79,"column":9}},"8":{"start":{"line":72,"column":12},"end":{"line":72,"column":80}},"9":{"start":{"line":74,"column":13},"end":{"line":79,"column":9}},"10":{"start":{"line":75,"column":12},"end":{"line":75,"column":38}},"11":{"start":{"line":78,"column":12},"end":{"line":78,"column":94}},"12":{"start":{"line":80,"column":8},"end":{"line":80,"column":19}},"13":{"start":{"line":83,"column":10},"end":{"line":83,"column":26}},"14":{"start":{"line":83,"column":16},"end":{"line":83,"column":26}}},"fnMap":{"0":{"name":"(anonymous_0)","decl":{"start":{"line":62,"column":12},"end":{"line":62,"column":13}},"loc":{"start":{"line":62,"column":61},"end":{"line":81,"column":5}},"line":62},"1":{"name":"(anonymous_1)","decl":{"start":{"line":83,"column":10},"end":{"line":83,"column":11}},"loc":{"start":{"line":83,"column":16},"end":{"line":83,"column":26}},"line":83}},"branchMap":{"0":{"loc":{"start":{"line":65,"column":8},"end":{"line":79,"column":9}},"type":"if","locations":[{"start":{"line":65,"column":8},"end":{"line":79,"column":9}},{"start":{"line":65,"column":8},"end":{"line":79,"column":9}}],"line":65},"1":{"loc":{"start":{"line":65,"column":12},"end":{"line":65,"column":117}},"type":"binary-expr","locations":[{"start":{"line":65,"column":12},"end":{"line":65,"column":46}},{"start":{"line":65,"column":50},"end":{"line":65,"column":82}},{"start":{"line":65,"column":86},"end":{"line":65,"column":117}}],"line":65},"2":{"loc":{"start":{"line":68,"column":13},"end":{"line":79,"column":9}},"type":"if","locations":[{"start":{"line":68,"column":13},"end":{"line":79,"column":9}},{"start":{"line":68,"column":13},"end":{"line":79,"column":9}}],"line":68},"3":{"loc":{"start":{"line":71,"column":13},"end":{"line":79,"column":9}},"type":"if","locations":[{"start":{"line":71,"column":13},"end":{"line":79,"column":9}},{"start":{"line":71,"column":13},"end":{"line":79,"column":9}}],"line":71},"4":{"loc":{"start":{"line":71,"column":17},"end":{"line":71,"column":80}},"type":"binary-expr","locations":[{"start":{"line":71,"column":17},"end":{"line":71,"column":48}},{"start":{"line":71,"column":52},"end":{"line":71,"column":80}}],"line":71},"5":{"loc":{"start":{"line":74,"column":13},"end":{"line":79,"column":9}},"type":"if","locations":[{"start":{"line":74,"column":13},"end":{"line":79,"column":9}},{"start":{"line":74,"column":13},"end":{"line":79,"column":9}}],"line":74}},"s":{"0":47,"1":47,"2":0,"3":0,"4":0,"5":0,"6":0,"7":0,"8":0,"9":0,"10":0,"11":0,"12":0,"13":47,"14":0},"f":{"0":0,"1":0},"b":{"0":[0,0],"1":[0,0,0],"2":[0,0],"3":[0,0],"4":[0,0],"5":[0,0]},"_coverageSchema":"1a1c01bbd47fc00a2c39e90264f33305004495a9","hash":"b36b6bec92d366b686512657912321099ba310e2"}
,"C:\\Users\\frank\\Desktop\\21Simulation\\app\\src\\model\\Utility.ts": {"path":"C:\\Users\\frank\\Desktop\\21Simulation\\app\\src\\model\\Utility.ts","statementMap":{"0":{"start":{"line":1,"column":32},"end":{"line":1,"column":108}},"1":{"start":{"line":1,"column":62},"end":{"line":1,"column":108}},"2":{"start":{"line":3,"column":28},"end":{"line":21,"column":1}},"3":{"start":{"line":4,"column":4},"end":{"line":20,"column":5}},"4":{"start":{"line":5,"column":38},"end":{"line":5,"column":40}},"5":{"start":{"line":6,"column":40},"end":{"line":6,"column":42}},"6":{"start":{"line":7,"column":8},"end":{"line":11,"column":10}},"7":{"start":{"line":7,"column":26},"end":{"line":7,"column":48}},"8":{"start":{"line":8,"column":12},"end":{"line":10,"column":13}},"9":{"start":{"line":9,"column":16},"end":{"line":9,"column":41}},"10":{"start":{"line":13,"column":8},"end":{"line":15,"column":10}},"11":{"start":{"line":14,"column":12},"end":{"line":14,"column":49}},"12":{"start":{"line":17,"column":8},"end":{"line":17,"column":33}},"13":{"start":{"line":19,"column":8},"end":{"line":19,"column":40}}},"fnMap":{"0":{"name":"(anonymous_0)","decl":{"start":{"line":1,"column":32},"end":{"line":1,"column":33}},"loc":{"start":{"line":1,"column":62},"end":{"line":1,"column":108}},"line":1},"1":{"name":"(anonymous_1)","decl":{"start":{"line":3,"column":28},"end":{"line":3,"column":29}},"loc":{"start":{"line":3,"column":85},"end":{"line":21,"column":1}},"line":3},"2":{"name":"(anonymous_2)","decl":{"start":{"line":7,"column":18},"end":{"line":7,"column":19}},"loc":{"start":{"line":7,"column":26},"end":{"line":7,"column":48}},"line":7},"3":{"name":"(anonymous_3)","decl":{"start":{"line":7,"column":59},"end":{"line":7,"column":60}},"loc":{"start":{"line":7,"column":81},"end":{"line":11,"column":9}},"line":7},"4":{"name":"(anonymous_4)","decl":{"start":{"line":13,"column":31},"end":{"line":13,"column":32}},"loc":{"start":{"line":13,"column":47},"end":{"line":15,"column":9}},"line":13}},"branchMap":{"0":{"loc":{"start":{"line":4,"column":4},"end":{"line":20,"column":5}},"type":"if","locations":[{"start":{"line":4,"column":4},"end":{"line":20,"column":5}},{"start":{"line":4,"column":4},"end":{"line":20,"column":5}}],"line":4},"1":{"loc":{"start":{"line":8,"column":12},"end":{"line":10,"column":13}},"type":"if","locations":[{"start":{"line":8,"column":12},"end":{"line":10,"column":13}},{"start":{"line":8,"column":12},"end":{"line":10,"column":13}}],"line":8}},"s":{"0":5,"1":2603,"2":5,"3":10,"4":10,"5":10,"6":10,"7":21,"8":21,"9":19,"10":10,"11":19,"12":10,"13":0},"f":{"0":2603,"1":10,"2":21,"3":21,"4":19},"b":{"0":[10,0],"1":[19,2]},"_coverageSchema":"1a1c01bbd47fc00a2c39e90264f33305004495a9","hash":"39f749a3ffd15e16abb0cbdb86dc2ae43538a71f"}
}
