TN:
SF:app\src\model\Card.ts
FN:46,(anonymous_0)
FN:52,(anonymous_1)
FN:60,(anonymous_2)
FN:64,(anonymous_3)
FN:68,(anonymous_4)
FNF:5
FNH:4
FNDA:14489,(anonymous_0)
FNDA:0,(anonymous_1)
FNDA:56,(anonymous_2)
FNDA:12930,(anonymous_3)
FNDA:12930,(anonymous_4)
DA:1,6
DA:17,6
DA:33,6
DA:47,14489
DA:48,14489
DA:49,14489
DA:53,0
DA:61,56
DA:65,12930
DA:69,12930
LF:10
LH:9
BRDA:49,0,0,13940
BRDA:49,0,1,549
BRF:2
BRH:2
end_of_record
TN:
SF:app\src\model\CardCollection.ts
FN:51,(anonymous_0)
FN:56,(anonymous_1)
FN:60,(anonymous_2)
FN:68,(anonymous_3)
FN:72,(anonymous_4)
FN:76,(anonymous_5)
FN:85,(anonymous_6)
FN:94,(anonymous_7)
FN:111,(anonymous_8)
FN:117,(anonymous_9)
FN:122,(anonymous_10)
FN:126,(anonymous_11)
FN:128,(anonymous_12)
FN:129,(anonymous_13)
FN:130,(anonymous_14)
FN:144,(anonymous_15)
FN:151,(anonymous_16)
FN:165,(anonymous_17)
FN:167,(anonymous_18)
FN:169,(anonymous_19)
FN:189,(anonymous_20)
FN:218,(anonymous_21)
FN:228,(anonymous_22)
FN:253,(anonymous_23)
FN:265,(anonymous_24)
FN:278,(anonymous_25)
FN:284,(anonymous_26)
FN:303,(anonymous_27)
FN:309,(anonymous_28)
FN:326,(anonymous_29)
FN:336,(anonymous_30)
FN:346,(anonymous_31)
FN:357,(anonymous_32)
FNF:33
FNH:15
FNDA:154,(anonymous_0)
FNDA:70,(anonymous_1)
FNDA:0,(anonymous_2)
FNDA:0,(anonymous_3)
FNDA:0,(anonymous_4)
FNDA:1,(anonymous_5)
FNDA:1,(anonymous_6)
FNDA:0,(anonymous_7)
FNDA:0,(anonymous_8)
FNDA:0,(anonymous_9)
FNDA:0,(anonymous_10)
FNDA:0,(anonymous_11)
FNDA:0,(anonymous_12)
FNDA:0,(anonymous_13)
FNDA:0,(anonymous_14)
FNDA:0,(anonymous_15)
FNDA:0,(anonymous_16)
FNDA:0,(anonymous_17)
FNDA:0,(anonymous_18)
FNDA:0,(anonymous_19)
FNDA:13914,(anonymous_20)
FNDA:45,(anonymous_21)
FNDA:34,(anonymous_22)
FNDA:3644,(anonymous_23)
FNDA:1122,(anonymous_24)
FNDA:1,(anonymous_25)
FNDA:26,(anonymous_26)
FNDA:0,(anonymous_27)
FNDA:0,(anonymous_28)
FNDA:63,(anonymous_29)
FNDA:42,(anonymous_30)
FNDA:47,(anonymous_31)
FNDA:2,(anonymous_32)
DA:11,5
DA:45,154
DA:46,154
DA:48,154
DA:52,154
DA:53,154
DA:57,70
DA:61,0
DA:62,0
DA:63,0
DA:65,0
DA:69,0
DA:73,0
DA:77,1
DA:82,1
DA:86,1
DA:87,1
DA:88,0
DA:91,1
DA:95,0
DA:96,0
DA:97,0
DA:98,0
DA:99,0
DA:100,0
DA:101,0
DA:102,0
DA:103,0
DA:105,0
DA:106,0
DA:108,0
DA:112,0
DA:113,0
DA:114,0
DA:118,0
DA:119,0
DA:123,0
DA:124,0
DA:125,0
DA:126,0
DA:128,0
DA:129,0
DA:130,0
DA:131,0
DA:133,0
DA:136,0
DA:137,0
DA:139,0
DA:140,0
DA:145,0
DA:146,0
DA:147,0
DA:152,0
DA:153,0
DA:154,0
DA:155,0
DA:156,0
DA:159,0
DA:160,0
DA:164,0
DA:165,0
DA:167,0
DA:168,0
DA:169,0
DA:170,0
DA:172,0
DA:173,0
DA:175,0
DA:178,0
DA:179,0
DA:180,0
DA:181,0
DA:183,0
DA:184,0
DA:202,13914
DA:203,13914
DA:204,13914
DA:205,3477
DA:206,10437
DA:207,3480
DA:208,6957
DA:209,3484
DA:210,3473
DA:211,3473
DA:214,13914
DA:215,13914
DA:219,45
DA:220,45
DA:222,45
DA:223,12792
DA:225,45
DA:229,34
DA:231,34
DA:232,34
DA:233,34
DA:236,34
DA:238,34
DA:241,16
DA:242,16
DA:244,16
DA:245,16
DA:246,724
DA:247,724
DA:248,126
DA:250,724
DA:251,724
DA:253,3644
DA:257,18
DA:258,18
DA:259,1122
DA:260,1122
DA:261,276
DA:263,1122
DA:265,1122
DA:270,0
DA:271,0
DA:275,34
DA:284,26
DA:285,1
DA:286,1
DA:287,2
DA:288,156
DA:289,156
DA:290,156
DA:291,8
DA:293,156
DA:294,156
DA:295,156
DA:299,1
DA:300,1
DA:305,0
DA:306,0
DA:319,0
DA:320,0
DA:327,63
DA:328,63
DA:329,57
DA:332,6
DA:337,42
DA:347,47
DA:348,47
DA:349,47
DA:350,24
DA:353,23
DA:358,2
LF:145
LH:77
BRDA:52,0,0,0
BRDA:52,0,1,154
BRDA:62,1,0,0
BRDA:62,1,1,0
BRDA:87,2,0,0
BRDA:87,2,1,1
BRDA:95,3,0,0
BRDA:95,3,1,0
BRDA:96,4,0,0
BRDA:96,4,1,0
BRDA:98,5,0,0
BRDA:98,5,1,0
BRDA:101,6,0,0
BRDA:101,6,1,0
BRDA:112,7,0,0
BRDA:112,7,1,0
BRDA:118,8,0,0
BRDA:118,8,1,0
BRDA:122,9,0,0
BRDA:123,10,0,0
BRDA:123,10,1,0
BRDA:125,11,0,0
BRDA:125,11,1,0
BRDA:126,12,0,0
BRDA:126,12,1,0
BRDA:136,13,0,0
BRDA:136,13,1,0
BRDA:151,14,0,0
BRDA:152,15,0,0
BRDA:152,15,1,0
BRDA:153,16,0,0
BRDA:153,16,1,0
BRDA:164,17,0,0
BRDA:164,17,1,0
BRDA:165,18,0,0
BRDA:165,18,1,0
BRDA:170,19,0,0
BRDA:170,19,1,0
BRDA:178,20,0,0
BRDA:178,20,1,0
BRDA:189,21,0,0
BRDA:204,22,0,3477
BRDA:204,22,1,10437
BRDA:206,23,0,3480
BRDA:206,23,1,6957
BRDA:208,24,0,3484
BRDA:208,24,1,3473
BRDA:210,25,0,3473
BRDA:210,25,1,0
BRDA:218,26,0,0
BRDA:219,27,0,0
BRDA:219,27,1,45
BRDA:228,28,0,0
BRDA:228,29,0,0
BRDA:231,30,0,34
BRDA:231,30,1,0
BRDA:232,31,0,0
BRDA:232,31,1,34
BRDA:233,32,0,0
BRDA:233,32,1,34
BRDA:236,33,0,34
BRDA:236,33,1,0
BRDA:238,34,0,16
BRDA:238,34,1,18
BRDA:285,35,0,0
BRDA:285,35,1,1
BRDA:285,36,0,1
BRDA:285,36,1,0
BRDA:309,37,0,0
BRDA:309,38,0,0
BRDA:326,39,0,6
BRDA:326,40,0,63
BRDA:328,41,0,57
BRDA:328,41,1,6
BRDA:329,42,0,45
BRDA:329,42,1,12
BRDA:346,43,0,1
BRDA:346,44,0,1
BRDA:346,45,0,47
BRDA:348,46,0,0
BRDA:348,46,1,47
BRDA:349,47,0,24
BRDA:349,47,1,23
BRDA:350,48,0,2
BRDA:350,48,1,22
BRF:85
BRH:32
end_of_record
TN:
SF:app\src\model\CountingSystem.ts
FN:29,(anonymous_0)
FN:33,(anonymous_1)
FN:37,(anonymous_2)
FN:41,(anonymous_3)
FN:45,(anonymous_4)
FN:61,(anonymous_5)
FN:68,(anonymous_6)
FN:86,(anonymous_7)
FN:91,(anonymous_8)
FN:92,(anonymous_9)
FN:98,(anonymous_10)
FN:128,(anonymous_11)
FN:164,(anonymous_12)
FN:200,(anonymous_13)
FN:208,(anonymous_14)
FN:210,(anonymous_15)
FN:211,(anonymous_16)
FN:220,(anonymous_17)
FN:232,(anonymous_18)
FN:234,(anonymous_19)
FN:251,(anonymous_20)
FN:258,(anonymous_21)
FN:259,(anonymous_22)
FN:262,(anonymous_23)
FN:266,(anonymous_24)
FN:270,(anonymous_25)
FN:271,(anonymous_26)
FNF:27
FNH:22
FNDA:91,(anonymous_0)
FNDA:0,(anonymous_1)
FNDA:0,(anonymous_2)
FNDA:9,(anonymous_3)
FNDA:297,(anonymous_4)
FNDA:9,(anonymous_5)
FNDA:297,(anonymous_6)
FNDA:162,(anonymous_7)
FNDA:834,(anonymous_8)
FNDA:2487,(anonymous_9)
FNDA:16,(anonymous_10)
FNDA:9,(anonymous_11)
FNDA:12,(anonymous_12)
FNDA:1,(anonymous_13)
FNDA:10,(anonymous_14)
FNDA:21,(anonymous_15)
FNDA:19,(anonymous_16)
FNDA:3,(anonymous_17)
FNDA:6,(anonymous_18)
FNDA:9,(anonymous_19)
FNDA:8,(anonymous_20)
FNDA:20,(anonymous_21)
FNDA:23,(anonymous_22)
FNDA:7,(anonymous_23)
FNDA:0,(anonymous_24)
FNDA:0,(anonymous_25)
FNDA:0,(anonymous_26)
DA:23,37
DA:24,37
DA:25,37
DA:26,37
DA:27,37
DA:29,37
DA:30,91
DA:33,37
DA:34,0
DA:37,37
DA:38,0
DA:41,37
DA:42,9
DA:45,37
DA:46,297
DA:47,297
DA:48,834
DA:49,297
DA:50,297
DA:54,297
DA:55,0
DA:56,0
DA:58,297
DA:61,37
DA:62,9
DA:63,9
DA:64,9
DA:65,9
DA:68,9
DA:69,297
DA:72,9
DA:87,162
DA:88,162
DA:92,2487
DA:99,16
DA:100,16
DA:101,16
DA:102,16
DA:129,9
DA:130,9
DA:131,9
DA:132,9
DA:165,12
DA:166,12
DA:167,12
DA:168,12
DA:197,1
DA:198,1
DA:201,1
DA:205,1
DA:209,10
DA:210,21
DA:211,19
DA:213,10
DA:214,8
DA:215,8
DA:217,10
DA:221,3
DA:222,1
DA:223,1
DA:226,0
DA:230,2
DA:231,2
DA:232,2
DA:233,6
DA:234,6
DA:235,9
DA:236,3
DA:239,6
DA:240,3
DA:244,2
DA:247,3
DA:248,3
DA:252,8
DA:253,8
DA:254,8
DA:259,23
DA:263,7
DA:267,0
DA:271,0
DA:272,0
DA:282,1
LF:82
LH:74
BRDA:48,0,0,297
BRDA:48,0,1,537
BRDA:54,1,0,0
BRDA:54,1,1,297
BRDA:63,2,0,9
BRDA:63,2,1,0
BRDA:201,3,0,0
BRDA:201,3,1,1
BRDA:202,4,0,0
BRDA:202,4,1,0
BRDA:209,5,0,6
BRDA:209,5,1,4
BRDA:213,6,0,8
BRDA:213,6,1,2
BRDA:221,7,0,1
BRDA:221,7,1,2
BRDA:222,8,0,1
BRDA:222,8,1,0
BRDA:230,9,0,1
BRDA:230,9,1,1
BRDA:235,10,0,3
BRDA:235,10,1,6
BRDA:239,11,0,3
BRDA:239,11,1,3
BRF:24
BRH:18
end_of_record
TN:
SF:app\src\model\GameConfig.ts
FNF:0
FNH:0
DA:1,3
LF:1
LH:1
BRF:0
BRH:0
end_of_record
TN:
SF:app\src\model\GameController.ts
FN:76,(anonymous_0)
FN:84,(anonymous_1)
FN:103,(anonymous_2)
FN:105,(anonymous_3)
FN:120,(anonymous_4)
FN:128,(anonymous_5)
FN:134,(anonymous_6)
FN:139,(anonymous_7)
FN:159,(anonymous_8)
FN:176,(anonymous_9)
FN:178,(anonymous_10)
FN:186,(anonymous_11)
FN:193,(anonymous_12)
FN:212,(anonymous_13)
FN:224,(anonymous_14)
FN:228,(anonymous_15)
FN:239,(anonymous_16)
FN:244,(anonymous_17)
FN:245,(anonymous_18)
FN:248,(anonymous_19)
FN:249,(anonymous_20)
FN:253,(anonymous_21)
FN:263,(anonymous_22)
FN:278,(anonymous_23)
FN:282,(anonymous_24)
FN:286,(anonymous_25)
FN:288,(anonymous_26)
FN:292,(anonymous_27)
FN:302,(anonymous_28)
FN:303,(anonymous_29)
FN:306,(anonymous_30)
FN:312,(anonymous_31)
FN:316,(anonymous_32)
FN:320,(anonymous_33)
FN:324,(anonymous_34)
FN:328,(anonymous_35)
FN:332,(anonymous_36)
FN:361,(anonymous_37)
FN:365,(anonymous_38)
FN:369,(anonymous_39)
FN:377,(anonymous_40)
FN:401,(anonymous_41)
FN:430,(anonymous_42)
FN:434,(anonymous_43)
FN:438,(anonymous_44)
FN:442,(anonymous_45)
FN:446,(anonymous_46)
FN:448,(anonymous_47)
FN:449,(anonymous_48)
FN:458,(anonymous_49)
FN:498,(anonymous_50)
FN:502,(anonymous_51)
FN:516,(anonymous_52)
FN:527,(anonymous_53)
FN:531,(anonymous_54)
FNF:55
FNH:26
FNDA:44,(anonymous_0)
FNDA:242,(anonymous_1)
FNDA:0,(anonymous_2)
FNDA:0,(anonymous_3)
FNDA:0,(anonymous_4)
FNDA:0,(anonymous_5)
FNDA:0,(anonymous_6)
FNDA:0,(anonymous_7)
FNDA:0,(anonymous_8)
FNDA:0,(anonymous_9)
FNDA:0,(anonymous_10)
FNDA:0,(anonymous_11)
FNDA:0,(anonymous_12)
FNDA:0,(anonymous_13)
FNDA:130,(anonymous_14)
FNDA:43,(anonymous_15)
FNDA:44,(anonymous_16)
FNDA:0,(anonymous_17)
FNDA:0,(anonymous_18)
FNDA:41,(anonymous_19)
FNDA:261,(anonymous_20)
FNDA:41,(anonymous_21)
FNDA:0,(anonymous_22)
FNDA:72,(anonymous_23)
FNDA:5,(anonymous_24)
FNDA:68,(anonymous_25)
FNDA:75,(anonymous_26)
FNDA:0,(anonymous_27)
FNDA:0,(anonymous_28)
FNDA:0,(anonymous_29)
FNDA:43,(anonymous_30)
FNDA:0,(anonymous_31)
FNDA:0,(anonymous_32)
FNDA:0,(anonymous_33)
FNDA:105,(anonymous_34)
FNDA:66,(anonymous_35)
FNDA:1,(anonymous_36)
FNDA:44,(anonymous_37)
FNDA:12,(anonymous_38)
FNDA:0,(anonymous_39)
FNDA:0,(anonymous_40)
FNDA:47,(anonymous_41)
FNDA:0,(anonymous_42)
FNDA:9,(anonymous_43)
FNDA:68,(anonymous_44)
FNDA:9,(anonymous_45)
FNDA:0,(anonymous_46)
FNDA:1,(anonymous_47)
FNDA:7,(anonymous_48)
FNDA:0,(anonymous_49)
FNDA:0,(anonymous_50)
FNDA:16,(anonymous_51)
FNDA:0,(anonymous_52)
FNDA:0,(anonymous_53)
FNDA:66,(anonymous_54)
DA:63,44
DA:64,44
DA:65,44
DA:66,44
DA:72,44
DA:73,44
DA:74,44
DA:77,44
DA:78,44
DA:79,44
DA:80,44
DA:81,44
DA:82,44
DA:84,44
DA:85,242
DA:90,242
DA:93,44
DA:99,44
DA:103,44
DA:105,44
DA:107,0
DA:108,0
DA:109,0
DA:112,0
DA:115,0
DA:116,0
DA:117,0
DA:120,44
DA:121,0
DA:125,0
DA:128,44
DA:129,0
DA:130,0
DA:131,0
DA:134,44
DA:135,0
DA:136,0
DA:139,44
DA:140,0
DA:141,0
DA:142,0
DA:143,0
DA:144,0
DA:145,0
DA:148,0
DA:149,0
DA:150,0
DA:154,0
DA:155,0
DA:156,0
DA:159,44
DA:160,0
DA:161,0
DA:162,0
DA:166,0
DA:167,0
DA:169,0
DA:172,0
DA:176,44
DA:178,0
DA:179,0
DA:180,0
DA:183,0
DA:185,0
DA:187,0
DA:188,0
DA:193,44
DA:194,0
DA:195,0
DA:196,0
DA:197,0
DA:198,0
DA:199,0
DA:203,0
DA:204,0
DA:208,0
DA:212,44
DA:213,0
DA:214,0
DA:217,0
DA:218,0
DA:219,0
DA:224,44
DA:225,130
DA:228,44
DA:229,43
DA:230,0
DA:231,0
DA:234,43
DA:236,43
DA:239,44
DA:240,44
DA:244,44
DA:245,0
DA:248,44
DA:249,261
DA:253,44
DA:254,41
DA:255,41
DA:256,41
DA:259,0
DA:263,44
DA:264,0
DA:265,0
DA:266,0
DA:267,0
DA:268,0
DA:271,0
DA:272,0
DA:275,0
DA:279,72
DA:283,5
DA:287,68
DA:288,75
DA:289,68
DA:293,0
DA:294,0
DA:295,0
DA:298,0
DA:303,0
DA:306,44
DA:308,43
DA:309,43
DA:312,44
DA:316,44
DA:317,0
DA:320,44
DA:321,0
DA:324,44
DA:325,105
DA:328,44
DA:329,66
DA:332,44
DA:333,1
DA:362,44
DA:366,12
DA:370,0
DA:371,0
DA:372,0
DA:374,0
DA:390,0
DA:391,0
DA:392,0
DA:398,0
DA:402,47
DA:403,0
DA:406,47
DA:407,47
DA:409,44
DA:410,44
DA:411,44
DA:412,43
DA:413,43
DA:414,43
DA:417,1
DA:418,1
DA:422,0
DA:423,0
DA:427,3
DA:431,0
DA:434,44
DA:435,9
DA:438,44
DA:439,68
DA:442,44
DA:443,9
DA:446,44
DA:448,44
DA:449,7
DA:450,1
DA:451,1
DA:454,0
DA:458,44
DA:459,0
DA:460,0
DA:461,0
DA:462,0
DA:463,0
DA:466,0
DA:467,0
DA:471,0
DA:472,0
DA:475,0
DA:477,0
DA:485,0
DA:486,0
DA:487,0
DA:490,0
DA:494,0
DA:498,44
DA:499,0
DA:502,44
DA:503,16
DA:504,16
DA:505,0
DA:507,16
DA:508,8
DA:511,8
DA:512,8
DA:516,44
DA:517,0
DA:518,0
DA:519,0
DA:522,0
DA:523,0
DA:527,44
DA:528,0
DA:531,44
DA:532,66
LF:209
LH:99
BRDA:76,0,0,15
BRDA:76,1,0,28
BRDA:76,2,0,33
BRDA:107,3,0,0
BRDA:107,3,1,0
BRDA:139,4,0,0
BRDA:144,5,0,0
BRDA:144,5,1,0
BRDA:160,6,0,0
BRDA:160,6,1,0
BRDA:167,7,0,0
BRDA:167,7,1,0
BRDA:179,8,0,0
BRDA:179,8,1,0
BRDA:198,9,0,0
BRDA:198,9,1,0
BRDA:203,10,0,0
BRDA:203,10,1,0
BRDA:213,11,0,0
BRDA:213,11,1,0
BRDA:218,12,0,0
BRDA:218,12,1,0
BRDA:229,13,0,0
BRDA:229,13,1,43
BRDA:245,14,0,0
BRDA:245,14,1,0
BRDA:255,15,0,41
BRDA:255,15,1,0
BRDA:266,16,0,0
BRDA:266,16,1,0
BRDA:271,17,0,0
BRDA:271,17,1,0
BRDA:286,18,0,2
BRDA:293,19,0,0
BRDA:293,19,1,0
BRDA:371,20,0,0
BRDA:371,20,1,0
BRDA:391,21,0,0
BRDA:391,21,1,0
BRDA:402,22,0,0
BRDA:402,22,1,47
BRDA:407,23,0,44
BRDA:407,23,1,3
BRDA:409,24,0,3
BRDA:409,24,1,41
BRDA:410,25,0,44
BRDA:410,25,1,0
BRDA:411,26,0,43
BRDA:411,26,1,1
BRDA:439,27,0,44
BRDA:439,27,1,24
BRDA:450,28,0,1
BRDA:450,28,1,0
BRDA:462,29,0,0
BRDA:462,29,1,0
BRDA:462,30,0,0
BRDA:462,30,1,0
BRDA:462,30,2,0
BRDA:466,31,0,0
BRDA:466,31,1,0
BRDA:471,32,0,0
BRDA:471,32,1,0
BRDA:475,33,0,0
BRDA:475,33,1,0
BRDA:485,34,0,0
BRDA:485,34,1,0
BRDA:486,35,0,0
BRDA:486,35,1,0
BRDA:504,36,0,0
BRDA:504,36,1,16
BRDA:507,37,0,8
BRDA:507,37,1,8
BRDA:512,38,0,8
BRDA:512,38,1,6
BRDA:518,39,0,0
BRDA:518,39,1,0
BRF:76
BRH:22
end_of_record
TN:
SF:app\src\model\Hand.ts
FN:55,(anonymous_0)
FN:80,(anonymous_1)
FN:91,(anonymous_2)
FN:100,(anonymous_3)
FN:115,(anonymous_4)
FN:119,(anonymous_5)
FN:123,(anonymous_6)
FN:127,(anonymous_7)
FN:131,(anonymous_8)
FN:137,(anonymous_9)
FN:145,(anonymous_10)
FN:153,(anonymous_11)
FN:158,(anonymous_12)
FN:162,(anonymous_13)
FN:172,(anonymous_14)
FN:175,(anonymous_15)
FN:176,(anonymous_16)
FN:179,(anonymous_17)
FN:183,(anonymous_18)
FN:188,(anonymous_19)
FN:190,(anonymous_20)
FN:199,(anonymous_21)
FN:203,(anonymous_22)
FN:207,(anonymous_23)
FN:212,(anonymous_24)
FNF:25
FNH:19
FNDA:167,(anonymous_0)
FNDA:9,(anonymous_1)
FNDA:0,(anonymous_2)
FNDA:13,(anonymous_3)
FNDA:0,(anonymous_4)
FNDA:0,(anonymous_5)
FNDA:131,(anonymous_6)
FNDA:16,(anonymous_7)
FNDA:69,(anonymous_8)
FNDA:22,(anonymous_9)
FNDA:56,(anonymous_10)
FNDA:56,(anonymous_11)
FNDA:19,(anonymous_12)
FNDA:26,(anonymous_13)
FNDA:23,(anonymous_14)
FNDA:8,(anonymous_15)
FNDA:10,(anonymous_16)
FNDA:6,(anonymous_17)
FNDA:3,(anonymous_18)
FNDA:4,(anonymous_19)
FNDA:1,(anonymous_20)
FNDA:13,(anonymous_21)
FNDA:0,(anonymous_22)
FNDA:0,(anonymous_23)
FNDA:0,(anonymous_24)
DA:38,167
DA:39,167
DA:40,167
DA:41,167
DA:42,167
DA:45,167
DA:46,167
DA:47,167
DA:48,167
DA:49,167
DA:50,167
DA:51,167
DA:56,167
DA:58,167
DA:60,167
DA:61,0
DA:62,0
DA:65,167
DA:66,167
DA:69,167
DA:70,14
DA:71,14
DA:72,14
DA:75,153
DA:76,153
DA:81,9
DA:82,9
DA:83,9
DA:85,0
DA:88,9
DA:92,0
DA:93,0
DA:94,0
DA:95,0
DA:97,0
DA:101,13
DA:102,13
DA:103,13
DA:104,13
DA:106,13
DA:107,13
DA:109,13
DA:110,13
DA:115,167
DA:116,0
DA:119,167
DA:120,0
DA:123,167
DA:124,131
DA:127,167
DA:128,16
DA:131,167
DA:133,69
DA:134,69
DA:138,22
DA:139,0
DA:140,0
DA:141,0
DA:144,22
DA:145,22
DA:146,56
DA:147,56
DA:148,11
DA:150,56
DA:153,22
DA:154,56
DA:157,22
DA:158,9
DA:159,19
DA:161,9
DA:162,9
DA:163,26
DA:166,9
DA:169,13
DA:172,23
DA:176,10
DA:179,167
DA:180,6
DA:184,3
DA:185,1
DA:188,4
DA:189,2
DA:190,1
DA:191,1
DA:194,1
DA:200,13
DA:204,0
DA:209,0
LF:88
LH:73
BRDA:55,0,0,167
BRDA:58,1,0,81
BRDA:58,1,1,86
BRDA:60,2,0,0
BRDA:60,2,1,167
BRDA:69,3,0,14
BRDA:69,3,1,153
BRDA:81,4,0,9
BRDA:81,4,1,0
BRDA:81,5,0,9
BRDA:81,5,1,9
BRDA:103,6,0,13
BRDA:103,6,1,13
BRDA:109,7,0,13
BRDA:109,7,1,13
BRDA:133,8,0,69
BRDA:133,8,1,0
BRDA:138,9,0,0
BRDA:138,9,1,22
BRDA:147,10,0,11
BRDA:147,10,1,45
BRDA:157,11,0,9
BRDA:157,11,1,13
BRDA:184,12,0,1
BRDA:184,12,1,2
BRDA:185,13,0,0
BRDA:185,13,1,1
BRDA:189,14,0,1
BRDA:189,14,1,1
BRDA:191,15,0,0
BRDA:191,15,1,1
BRF:31
BRH:25
end_of_record
TN:
SF:app\src\model\Notifier.ts
FN:3,(anonymous_0)
FN:8,(anonymous_1)
FN:14,(anonymous_2)
FNF:3
FNH:2
FNDA:0,(anonymous_0)
FNDA:9,(anonymous_1)
FNDA:41,(anonymous_2)
DA:4,0
DA:5,0
DA:11,9
DA:17,41
DA:22,6
LF:5
LH:3
BRF:0
BRH:0
end_of_record
TN:
SF:app\src\model\PlayRule.ts
FNF:0
FNH:0
DA:1,3
LF:1
LH:1
BRF:0
BRH:0
end_of_record
TN:
SF:app\src\model\Player.ts
FN:75,(anonymous_0)
FN:97,(anonymous_1)
FN:102,(anonymous_2)
FN:107,(anonymous_3)
FN:124,(anonymous_4)
FN:128,(anonymous_5)
FN:133,(anonymous_6)
FN:138,(anonymous_7)
FN:150,(anonymous_8)
FN:160,(anonymous_9)
FN:165,(anonymous_10)
FN:183,(anonymous_11)
FN:187,(anonymous_12)
FN:194,(anonymous_13)
FN:201,(anonymous_14)
FN:208,(anonymous_15)
FN:217,(anonymous_16)
FN:252,(anonymous_17)
FN:262,(anonymous_18)
FN:274,(anonymous_19)
FN:282,(anonymous_20)
FN:286,(anonymous_21)
FN:290,(anonymous_22)
FN:299,(anonymous_23)
FN:304,(anonymous_24)
FN:309,(anonymous_25)
FN:313,(anonymous_26)
FN:353,(anonymous_27)
FN:357,(anonymous_28)
FN:406,(anonymous_29)
FN:411,(anonymous_30)
FN:415,(anonymous_31)
FN:419,(anonymous_32)
FN:423,(anonymous_33)
FN:432,(anonymous_34)
FN:436,(anonymous_35)
FN:440,(anonymous_36)
FN:444,(anonymous_37)
FN:446,(anonymous_38)
FN:452,(anonymous_39)
FNF:40
FNH:18
FNDA:91,(anonymous_0)
FNDA:0,(anonymous_1)
FNDA:0,(anonymous_2)
FNDA:41,(anonymous_3)
FNDA:23,(anonymous_4)
FNDA:120,(anonymous_5)
FNDA:47,(anonymous_6)
FNDA:19,(anonymous_7)
FNDA:0,(anonymous_8)
FNDA:43,(anonymous_9)
FNDA:0,(anonymous_10)
FNDA:0,(anonymous_11)
FNDA:0,(anonymous_12)
FNDA:0,(anonymous_13)
FNDA:0,(anonymous_14)
FNDA:0,(anonymous_15)
FNDA:0,(anonymous_16)
FNDA:0,(anonymous_17)
FNDA:0,(anonymous_18)
FNDA:0,(anonymous_19)
FNDA:0,(anonymous_20)
FNDA:0,(anonymous_21)
FNDA:0,(anonymous_22)
FNDA:0,(anonymous_23)
FNDA:0,(anonymous_24)
FNDA:3,(anonymous_25)
FNDA:9,(anonymous_26)
FNDA:3,(anonymous_27)
FNDA:68,(anonymous_28)
FNDA:0,(anonymous_29)
FNDA:0,(anonymous_30)
FNDA:223,(anonymous_31)
FNDA:88,(anonymous_32)
FNDA:12,(anonymous_33)
FNDA:32,(anonymous_34)
FNDA:0,(anonymous_35)
FNDA:0,(anonymous_36)
FNDA:72,(anonymous_37)
FNDA:106,(anonymous_38)
FNDA:1,(anonymous_39)
DA:69,91
DA:70,91
DA:76,91
DA:77,91
DA:78,0
DA:79,0
DA:82,91
DA:83,91
DA:85,91
DA:87,91
DA:88,8
DA:91,91
DA:92,0
DA:93,0
DA:97,91
DA:99,0
DA:102,91
DA:103,0
DA:104,0
DA:107,91
DA:108,41
DA:109,0
DA:110,0
DA:113,41
DA:114,37
DA:115,37
DA:116,37
DA:119,4
DA:120,4
DA:124,91
DA:125,23
DA:128,91
DA:129,120
DA:130,120
DA:133,91
DA:134,47
DA:135,47
DA:138,91
DA:139,19
DA:140,19
DA:143,0
DA:150,91
DA:151,0
DA:152,0
DA:155,0
DA:160,91
DA:161,43
DA:162,43
DA:165,91
DA:166,0
DA:167,0
DA:168,0
DA:169,0
DA:170,0
DA:173,0
DA:174,0
DA:178,0
DA:179,0
DA:183,91
DA:184,0
DA:187,91
DA:188,0
DA:189,0
DA:191,0
DA:194,91
DA:195,0
DA:196,0
DA:198,0
DA:201,91
DA:202,0
DA:203,0
DA:205,0
DA:208,91
DA:210,0
DA:211,0
DA:213,0
DA:217,91
DA:218,0
DA:252,91
DA:253,0
DA:254,0
DA:255,0
DA:256,0
DA:259,0
DA:262,91
DA:263,0
DA:264,0
DA:265,0
DA:266,0
DA:267,0
DA:268,0
DA:271,0
DA:274,91
DA:275,0
DA:276,0
DA:279,0
DA:282,91
DA:283,0
DA:286,91
DA:287,0
DA:290,91
DA:291,0
DA:292,0
DA:295,0
DA:299,91
DA:300,0
DA:301,0
DA:304,91
DA:305,0
DA:306,0
DA:309,91
DA:310,3
DA:313,91
DA:315,9
DA:316,0
DA:317,0
DA:322,9
DA:323,9
DA:324,0
DA:325,0
DA:328,9
DA:329,9
DA:331,9
DA:335,1
DA:336,1
DA:339,8
DA:342,1
DA:343,1
DA:347,7
DA:348,7
DA:349,7
DA:350,7
DA:353,91
DA:354,3
DA:357,91
DA:358,68
DA:359,0
DA:360,0
DA:363,68
DA:364,68
DA:365,68
DA:368,68
DA:369,16
DA:371,13
DA:372,13
DA:373,13
DA:374,13
DA:377,0
DA:381,3
DA:385,52
DA:386,8
DA:387,5
DA:388,5
DA:389,5
DA:392,3
DA:397,44
DA:398,44
DA:399,44
DA:402,68
DA:406,91
DA:407,0
DA:411,91
DA:412,0
DA:415,91
DA:416,223
DA:419,91
DA:420,88
DA:423,91
DA:424,12
DA:425,12
DA:428,0
DA:432,91
DA:433,32
DA:436,91
DA:437,0
DA:440,91
DA:441,0
DA:444,91
DA:445,72
DA:446,72
DA:447,106
DA:449,72
DA:452,91
DA:453,1
LF:184
LH:112
BRDA:75,0,0,0
BRDA:77,1,0,0
BRDA:77,1,1,91
BRDA:87,2,0,8
BRDA:87,2,1,83
BRDA:91,3,0,0
BRDA:91,3,1,91
BRDA:108,4,0,0
BRDA:108,4,1,41
BRDA:113,5,0,37
BRDA:113,5,1,4
BRDA:139,6,0,19
BRDA:139,6,1,0
BRDA:140,7,0,0
BRDA:140,7,1,19
BRDA:151,8,0,0
BRDA:151,8,1,0
BRDA:166,9,0,0
BRDA:166,9,1,0
BRDA:167,10,0,0
BRDA:167,10,1,0
BRDA:188,11,0,0
BRDA:188,11,1,0
BRDA:188,12,0,0
BRDA:188,12,1,0
BRDA:195,13,0,0
BRDA:195,13,1,0
BRDA:195,14,0,0
BRDA:195,14,1,0
BRDA:202,15,0,0
BRDA:202,15,1,0
BRDA:202,16,0,0
BRDA:202,16,1,0
BRDA:210,17,0,0
BRDA:210,17,1,0
BRDA:210,18,0,0
BRDA:210,18,1,0
BRDA:253,19,0,0
BRDA:253,19,1,0
BRDA:255,20,0,0
BRDA:255,20,1,0
BRDA:263,21,0,0
BRDA:263,21,1,0
BRDA:265,22,0,0
BRDA:265,22,1,0
BRDA:275,23,0,0
BRDA:275,23,1,0
BRDA:291,24,0,0
BRDA:291,24,1,0
BRDA:300,25,0,0
BRDA:300,25,1,0
BRDA:305,26,0,0
BRDA:305,26,1,0
BRDA:315,27,0,0
BRDA:315,27,1,9
BRDA:323,28,0,0
BRDA:323,28,1,9
BRDA:323,29,0,9
BRDA:323,29,1,6
BRDA:331,30,0,1
BRDA:331,30,1,8
BRDA:339,31,0,1
BRDA:339,31,1,7
BRDA:358,32,0,0
BRDA:358,32,1,68
BRDA:368,33,0,16
BRDA:368,33,1,52
BRDA:369,34,0,13
BRDA:369,34,1,3
BRDA:372,35,0,13
BRDA:372,35,1,0
BRDA:385,36,0,8
BRDA:385,36,1,44
BRDA:386,37,0,5
BRDA:386,37,1,3
BRDA:424,38,0,12
BRDA:424,38,1,0
BRDA:453,39,0,1
BRDA:453,39,1,0
BRF:79
BRH:29
end_of_record
TN:
SF:app\src\model\Statistics.ts
FN:62,(anonymous_0)
FN:83,(anonymous_1)
FNF:2
FNH:0
FNDA:0,(anonymous_0)
FNDA:0,(anonymous_1)
DA:39,47
DA:62,47
DA:64,0
DA:65,0
DA:66,0
DA:68,0
DA:69,0
DA:71,0
DA:72,0
DA:74,0
DA:75,0
DA:78,0
DA:80,0
DA:83,47
LF:14
LH:3
BRDA:65,0,0,0
BRDA:65,0,1,0
BRDA:65,1,0,0
BRDA:65,1,1,0
BRDA:65,1,2,0
BRDA:68,2,0,0
BRDA:68,2,1,0
BRDA:71,3,0,0
BRDA:71,3,1,0
BRDA:71,4,0,0
BRDA:71,4,1,0
BRDA:74,5,0,0
BRDA:74,5,1,0
BRF:13
BRH:0
end_of_record
TN:
SF:app\src\model\Utility.ts
FN:1,(anonymous_0)
FN:3,(anonymous_1)
FN:7,(anonymous_2)
FN:7,(anonymous_3)
FN:13,(anonymous_4)
FNF:5
FNH:5
FNDA:2603,(anonymous_0)
FNDA:10,(anonymous_1)
FNDA:21,(anonymous_2)
FNDA:21,(anonymous_3)
FNDA:19,(anonymous_4)
DA:1,2603
DA:3,5
DA:4,10
DA:5,10
DA:6,10
DA:7,21
DA:8,21
DA:9,19
DA:13,10
DA:14,19
DA:17,10
DA:19,0
LF:12
LH:11
BRDA:4,0,0,10
BRDA:4,0,1,0
BRDA:8,1,0,19
BRDA:8,1,1,2
BRF:4
BRH:3
end_of_record
